[debug] [2026-01-16T09:03:27.290Z] ----------------------------------------------------------------------
[debug] [2026-01-16T09:03:27.293Z] Command:       C:\Program Files\nodejs\node.exe C:\Users\JAMOR178\AppData\Roaming\npm\node_modules\firebase-tools\lib\bin\firebase.js emulators:start
[debug] [2026-01-16T09:03:27.293Z] CLI Version:   15.3.1
[debug] [2026-01-16T09:03:27.293Z] Platform:      win32
[debug] [2026-01-16T09:03:27.293Z] Node Version:  v24.13.0
[debug] [2026-01-16T09:03:27.293Z] Time:          Fri Jan 16 2026 04:03:27 GMT-0500 (heure normale de l’Est)
[debug] [2026-01-16T09:03:27.294Z] ----------------------------------------------------------------------
[debug] 
[debug] [2026-01-16T09:03:28.541Z] > command requires scopes: ["email","openid","https://www.googleapis.com/auth/cloudplatformprojects.readonly","https://www.googleapis.com/auth/firebase","https://www.googleapis.com/auth/cloud-platform"]
[debug] [2026-01-16T09:03:28.542Z] > authorizing via signed-in user (javiermorato@gmail.com)
[debug] [2026-01-16T09:03:28.666Z] java version "21.0.5" 2024-10-15 LTS
Java(TM) SE Runtime Environment (build 21.0.5+9-LTS-239)
Java HotSpot(TM) 64-Bit Server VM (build 21.0.5+9-LTS-239, mixed mode, sharing)

[debug] [2026-01-16T09:03:28.687Z] Parsed Java major version: 21
[info] i  emulators: Starting emulators: functions, firestore, hosting, extensions {"metadata":{"emulator":{"name":"hub"},"message":"Starting emulators: functions, firestore, hosting, extensions"}}
[debug] [2026-01-16T09:03:28.692Z] Checked if tokens are valid: true, expires at: 1768557462699
[debug] [2026-01-16T09:03:28.692Z] Checked if tokens are valid: true, expires at: 1768557462699
[debug] [2026-01-16T09:03:28.694Z] >>> [apiv2][query] GET https://cloudresourcemanager.googleapis.com/v1/projects/guess-it-app-c553b [none]
[debug] [2026-01-16T09:03:29.009Z] <<< [apiv2][status] GET https://cloudresourcemanager.googleapis.com/v1/projects/guess-it-app-c553b 200
[debug] [2026-01-16T09:03:29.009Z] <<< [apiv2][body] GET https://cloudresourcemanager.googleapis.com/v1/projects/guess-it-app-c553b {"projectNumber":"159180229656","projectId":"guess-it-app-c553b","lifecycleState":"ACTIVE","name":"guess-it-app-c553b","labels":{"firebase":"enabled","firebase-core":"disabled"},"createTime":"2026-01-04T13:19:56.846072Z"}
[debug] [2026-01-16T09:03:29.029Z] [logging] Logging Emulator only supports listening on one address (127.0.0.1). Not listening on ::1
[debug] [2026-01-16T09:03:29.029Z] [firestore] Firestore Emulator only supports listening on one address (127.0.0.1). Not listening on ::1
[debug] [2026-01-16T09:03:29.029Z] [firestore.websocket] websocket server for firestore only supports listening on one address (127.0.0.1). Not listening on ::1
[debug] [2026-01-16T09:03:29.029Z] [hosting] Hosting Emulator only supports listening on one address (127.0.0.1). Not listening on ::1
[debug] [2026-01-16T09:03:29.029Z] assigned listening specs for emulators {"user":{"hub":[{"address":"127.0.0.1","family":"IPv4","port":4400},{"address":"::1","family":"IPv6","port":4400}],"ui":[{"address":"127.0.0.1","family":"IPv4","port":4000},{"address":"::1","family":"IPv6","port":4000}],"logging":[{"address":"127.0.0.1","family":"IPv4","port":4500}],"firestore":[{"address":"127.0.0.1","family":"IPv4","port":8080}],"firestore.websocket":[{"address":"127.0.0.1","family":"IPv4","port":9150}],"hosting":[{"address":"127.0.0.1","family":"IPv4","port":5000}]},"metadata":{"message":"assigned listening specs for emulators"}}
[debug] [2026-01-16T09:03:29.033Z] Write emulator hub locator at C:\Users\JAMOR178\AppData\Local\Temp\hub-guess-it-app-c553b.json
[debug] [2026-01-16T09:03:29.040Z] [Extensions] Started Extensions emulator, this is a noop.
[debug] [2026-01-16T09:03:29.045Z] [functions] Functions Emulator only supports listening on one address (127.0.0.1). Not listening on ::1
[debug] [2026-01-16T09:03:29.045Z] [eventarc] Eventarc Emulator only supports listening on one address (127.0.0.1). Not listening on ::1
[debug] [2026-01-16T09:03:29.045Z] [tasks] Cloud Tasks Emulator only supports listening on one address (127.0.0.1). Not listening on ::1
[debug] [2026-01-16T09:03:29.045Z] late-assigned ports for functions and eventarc emulators {"user":{"hub":[{"address":"127.0.0.1","family":"IPv4","port":4400},{"address":"::1","family":"IPv6","port":4400}],"ui":[{"address":"127.0.0.1","family":"IPv4","port":4000},{"address":"::1","family":"IPv6","port":4000}],"logging":[{"address":"127.0.0.1","family":"IPv4","port":4500}],"firestore":[{"address":"127.0.0.1","family":"IPv4","port":8080}],"firestore.websocket":[{"address":"127.0.0.1","family":"IPv4","port":9150}],"hosting":[{"address":"127.0.0.1","family":"IPv4","port":5000}],"functions":[{"address":"127.0.0.1","family":"IPv4","port":5001}],"eventarc":[{"address":"127.0.0.1","family":"IPv4","port":9299}],"tasks":[{"address":"127.0.0.1","family":"IPv4","port":9499}]},"metadata":{"message":"late-assigned ports for functions and eventarc emulators"}}
[warn] !  functions: The following emulators are not running, calls to these services from the Functions emulator will affect production: apphosting, auth, database, pubsub, storage, dataconnect {"metadata":{"emulator":{"name":"functions"},"message":"The following emulators are not running, calls to these services from the Functions emulator will affect production: \u001b[1mapphosting, auth, database, pubsub, storage, dataconnect\u001b[22m"}}
[debug] [2026-01-16T09:03:29.049Z] defaultcredentials: writing to file C:\Users\JAMOR178\AppData\Roaming\firebase\javiermorato_gmail_com_application_default_credentials.json
[debug] [2026-01-16T09:03:29.051Z] Setting GAC to C:\Users\JAMOR178\AppData\Roaming\firebase\javiermorato_gmail_com_application_default_credentials.json {"metadata":{"emulator":{"name":"functions"},"message":"Setting GAC to C:\\Users\\JAMOR178\\AppData\\Roaming\\firebase\\javiermorato_gmail_com_application_default_credentials.json"}}
[debug] [2026-01-16T09:03:29.052Z] Checked if tokens are valid: true, expires at: 1768557462699
[debug] [2026-01-16T09:03:29.052Z] Checked if tokens are valid: true, expires at: 1768557462699
[debug] [2026-01-16T09:03:29.052Z] >>> [apiv2][query] GET https://firebase.googleapis.com/v1beta1/projects/guess-it-app-c553b/adminSdkConfig [none]
[debug] [2026-01-16T09:03:29.367Z] <<< [apiv2][status] GET https://firebase.googleapis.com/v1beta1/projects/guess-it-app-c553b/adminSdkConfig 200
[debug] [2026-01-16T09:03:29.367Z] <<< [apiv2][body] GET https://firebase.googleapis.com/v1beta1/projects/guess-it-app-c553b/adminSdkConfig {"projectId":"guess-it-app-c553b","storageBucket":"guess-it-app-c553b.firebasestorage.app"}
[debug] [2026-01-16T09:03:29.395Z] Ignoring unsupported arg: auto_download {"metadata":{"emulator":{"name":"firestore"},"message":"Ignoring unsupported arg: auto_download"}}
[debug] [2026-01-16T09:03:29.395Z] Ignoring unsupported arg: single_project_mode_error {"metadata":{"emulator":{"name":"firestore"},"message":"Ignoring unsupported arg: single_project_mode_error"}}
[debug] [2026-01-16T09:03:29.396Z] Starting Firestore Emulator with command {"binary":"java","args":["-Dgoogle.cloud_firestore.debug_log_level=FINE","-Duser.language=en","-jar","C:\\Users\\JAMOR178\\.cache\\firebase\\emulators\\cloud-firestore-emulator-v1.20.2.jar","--host","127.0.0.1","--port",8080,"--websocket_port",9150,"--project_id","guess-it-app-c553b","--rules","C:\\Javier\\ProjectGuessIt\\firestore.rules","--single_project_mode",true,"--functions_emulator","127.0.0.1:5001"],"optionalArgs":["port","webchannel_port","host","rules","websocket_port","functions_emulator","seed_from_export","project_id","single_project_mode"],"joinArgs":false,"shell":false,"port":8080} {"metadata":{"emulator":{"name":"firestore"},"message":"Starting Firestore Emulator with command {\"binary\":\"java\",\"args\":[\"-Dgoogle.cloud_firestore.debug_log_level=FINE\",\"-Duser.language=en\",\"-jar\",\"C:\\\\Users\\\\JAMOR178\\\\.cache\\\\firebase\\\\emulators\\\\cloud-firestore-emulator-v1.20.2.jar\",\"--host\",\"127.0.0.1\",\"--port\",8080,\"--websocket_port\",9150,\"--project_id\",\"guess-it-app-c553b\",\"--rules\",\"C:\\\\Javier\\\\ProjectGuessIt\\\\firestore.rules\",\"--single_project_mode\",true,\"--functions_emulator\",\"127.0.0.1:5001\"],\"optionalArgs\":[\"port\",\"webchannel_port\",\"host\",\"rules\",\"websocket_port\",\"functions_emulator\",\"seed_from_export\",\"project_id\",\"single_project_mode\"],\"joinArgs\":false,\"shell\":false,\"port\":8080}"}}
[info] i  firestore: Firestore Emulator logging to firestore-debug.log {"metadata":{"emulator":{"name":"firestore"},"message":"Firestore Emulator logging to \u001b[1mfirestore-debug.log\u001b[22m"}}
[info] +  firestore: Firestore Emulator UI websocket is running on 9150. {"metadata":{"emulator":{"name":"firestore"},"message":"Firestore Emulator UI websocket is running on 9150."}}
[debug] [2026-01-16T09:03:31.052Z] Checked if tokens are valid: true, expires at: 1768557462699
[debug] [2026-01-16T09:03:31.052Z] Checked if tokens are valid: true, expires at: 1768557462699
[debug] [2026-01-16T09:03:31.053Z] >>> [apiv2][query] GET https://firebasehosting.googleapis.com/v1beta1/projects/guess-it-app-c553b/sites 
[debug] [2026-01-16T09:03:31.557Z] <<< [apiv2][status] GET https://firebasehosting.googleapis.com/v1beta1/projects/guess-it-app-c553b/sites 200
[debug] [2026-01-16T09:03:31.557Z] <<< [apiv2][body] GET https://firebasehosting.googleapis.com/v1beta1/projects/guess-it-app-c553b/sites {"sites":[{"name":"projects/guess-it-app-c553b/sites/guess-it-app-c553b","defaultUrl":"https://guess-it-app-c553b.web.app","type":"DEFAULT_SITE"}]}
[debug] [2026-01-16T09:03:31.558Z] Checked if tokens are valid: true, expires at: 1768557462699
[debug] [2026-01-16T09:03:31.558Z] Checked if tokens are valid: true, expires at: 1768557462699
[debug] [2026-01-16T09:03:31.558Z] >>> [apiv2][query] GET https://firebase.googleapis.com/v1beta1/projects/guess-it-app-c553b/webApps/-/config [none]
[debug] [2026-01-16T09:03:31.915Z] <<< [apiv2][status] GET https://firebase.googleapis.com/v1beta1/projects/guess-it-app-c553b/webApps/-/config 200
[debug] [2026-01-16T09:03:31.916Z] <<< [apiv2][body] GET https://firebase.googleapis.com/v1beta1/projects/guess-it-app-c553b/webApps/-/config {"projectId":"guess-it-app-c553b","appId":"1:159180229656:web:fa2b96327dd24838f0c76d","storageBucket":"guess-it-app-c553b.firebasestorage.app","apiKey":"AIzaSyCNW2QWiOpbsXvuoSU2iQz1BUhiHmNzKus","authDomain":"guess-it-app-c553b.firebaseapp.com","messagingSenderId":"159180229656","projectNumber":"159180229656","version":"2"}
[debug] [2026-01-16T09:03:31.919Z] Checked if tokens are valid: true, expires at: 1768557462699
[debug] [2026-01-16T09:03:31.919Z] Checked if tokens are valid: true, expires at: 1768557462699
[debug] [2026-01-16T09:03:31.920Z] >>> [apiv2][query] GET https://firebase.googleapis.com/v1beta1/projects/guess-it-app-c553b [none]
[debug] [2026-01-16T09:03:32.187Z] <<< [apiv2][status] GET https://firebase.googleapis.com/v1beta1/projects/guess-it-app-c553b 200
[debug] [2026-01-16T09:03:32.188Z] <<< [apiv2][body] GET https://firebase.googleapis.com/v1beta1/projects/guess-it-app-c553b {"projectId":"guess-it-app-c553b","projectNumber":"159180229656","displayName":"guess-it-app-c553b","name":"projects/guess-it-app-c553b","resources":{"hostingSite":"guess-it-app-c553b"},"state":"ACTIVE","etag":"1_6b6e9ccb-a1ee-4046-8920-ff08d184614f"}
[info] i  hosting[guess-it-app-c553b]: Serving hosting files from: public {"metadata":{"emulator":{"name":"hosting"},"message":"Serving hosting files from: \u001b[1mpublic\u001b[22m"}}
[info] +  hosting[guess-it-app-c553b]: Local server: http://127.0.0.1:5000 {"metadata":{"emulator":{"name":"hosting"},"message":"Local server: \u001b[4m\u001b[1mhttp://127.0.0.1:5000\u001b[22m\u001b[24m"}}
[debug] [2026-01-16T09:03:32.217Z] [Extensions] Connecting Extensions emulator, this is a noop.
[info] i  functions: Watching "C:\Javier\ProjectGuessIt\functions" for Cloud Functions... {"metadata":{"emulator":{"name":"functions"},"message":"Watching \"C:\\Javier\\ProjectGuessIt\\functions\" for Cloud Functions..."}}
[debug] [2026-01-16T09:03:32.225Z] Validating nodejs source
[warn] !  functions: package.json indicates an outdated version of firebase-functions. Please upgrade using npm install --save firebase-functions@latest in your functions directory. 
[debug] [2026-01-16T09:03:33.254Z] > [functions] package.json contents: {
  "name": "functions",
  "description": "Cloud Functions for Firebase",
  "scripts": {
    "lint": "eslint .",
    "serve": "npm run build && firebase emulators:start --only functions",
    "shell": "firebase functions:shell",
    "start": "npm run shell",
    "deploy": "npm run build && firebase deploy --only functions",
    "logs": "firebase functions:log",
    "build": "tsc"
  },
  "engines": {
    "node": "24"
  },
  "main": "lib/index.js",
  "dependencies": {
    "firebase-admin": "^13.6.0",
    "firebase-functions": "^7.0.2"
  },
  "devDependencies": {
    "@types/node": "^25.0.3",
    "eslint": "^8.15.0",
    "eslint-config-google": "^0.14.0",
    "firebase-functions-test": "^3.4.1",
    "ts-node": "^10.9.2",
    "typescript": "^5.9.3"
  },
  "private": true
}
[debug] [2026-01-16T09:03:33.254Z] Building nodejs source
[debug] [2026-01-16T09:03:33.255Z] Failed to find version of module node: reached end of search path C:\Javier\ProjectGuessIt\functions\node_modules
[info] +  functions: Using node@24 from host. 
[debug] [2026-01-16T09:03:33.257Z] Could not find functions.yaml. Must use http discovery
[debug] [2026-01-16T09:03:33.264Z] Found firebase-functions binary at 'C:\Javier\ProjectGuessIt\functions\node_modules\.bin\firebase-functions'
[info] Serving at port 8173

[debug] [2026-01-16T09:03:33.944Z] Got response from /__/functions.yaml {"endpoints":{"gameSessions":{"availableMemoryMb":null,"timeoutSeconds":null,"minInstances":null,"maxInstances":10,"ingressSettings":null,"concurrency":null,"serviceAccountEmail":null,"vpc":null,"platform":"gcfv2","labels":{},"httpsTrigger":{},"entryPoint":"gameSessions"},"questions":{"availableMemoryMb":null,"timeoutSeconds":null,"minInstances":null,"maxInstances":10,"ingressSettings":null,"concurrency":null,"serviceAccountEmail":null,"vpc":null,"platform":"gcfv2","labels":{},"httpsTrigger":{},"entryPoint":"questions"}},"specVersion":"v1alpha1","requiredAPIs":[],"extensions":{}}
[debug] [2026-01-16T09:03:38.001Z] defaultcredentials: writing to file C:\Users\JAMOR178\AppData\Roaming\firebase\javiermorato_gmail_com_application_default_credentials.json
[debug] [2026-01-16T09:03:38.002Z] Setting GAC to C:\Users\JAMOR178\AppData\Roaming\firebase\javiermorato_gmail_com_application_default_credentials.json {"metadata":{"emulator":{"name":"functions"},"message":"Setting GAC to C:\\Users\\JAMOR178\\AppData\\Roaming\\firebase\\javiermorato_gmail_com_application_default_credentials.json"}}
[info] +  functions: Loaded functions definitions from source: gameSessions, questions. {"metadata":{"emulator":{"name":"functions"},"message":"Loaded functions definitions from source: gameSessions, questions."}}
[info] +  functions[us-central1-gameSessions]: http function initialized (http://127.0.0.1:5001/guess-it-app-c553b/us-central1/gameSessions). {"metadata":{"emulator":{"name":"functions"},"message":"\u001b[1mhttp\u001b[22m function initialized (http://127.0.0.1:5001/guess-it-app-c553b/us-central1/gameSessions)."}}
[info] +  functions[us-central1-questions]: http function initialized (http://127.0.0.1:5001/guess-it-app-c553b/us-central1/questions). {"metadata":{"emulator":{"name":"functions"},"message":"\u001b[1mhttp\u001b[22m function initialized (http://127.0.0.1:5001/guess-it-app-c553b/us-central1/questions)."}}
[debug] [2026-01-16T09:03:38.009Z] Could not find VSCode notification endpoint: FetchError: request to http://localhost:40001/vscode/notify failed, reason: . If you are not running the Firebase Data Connect VSCode extension, this is expected and not an issue.
[info] 
┌─────────────────────────────────────────────────────────────┐
│ ✔  All emulators ready! It is now safe to connect your app. │
│ i  View Emulator UI at http://127.0.0.1:4000/               │
└─────────────────────────────────────────────────────────────┘

┌────────────┬────────────────┬──────────────────────────────────┐
│ Emulator   │ Host:Port      │ View in Emulator UI              │
├────────────┼────────────────┼──────────────────────────────────┤
│ Functions  │ 127.0.0.1:5001 │ http://127.0.0.1:4000/functions  │
├────────────┼────────────────┼──────────────────────────────────┤
│ Firestore  │ 127.0.0.1:8080 │ http://127.0.0.1:4000/firestore  │
├────────────┼────────────────┼──────────────────────────────────┤
│ Hosting    │ 127.0.0.1:5000 │ n/a                              │
├────────────┼────────────────┼──────────────────────────────────┤
│ Extensions │ 127.0.0.1:5001 │ http://127.0.0.1:4000/extensions │
└────────────┴────────────────┴──────────────────────────────────┘
  Emulator Hub host: 127.0.0.1 port: 4400
  Other reserved ports: 4500, 9150
┌─────────────────────────┬───────────────┬─────────────────────┐
│ Extension Instance Name │ Extension Ref │ View in Emulator UI │
└─────────────────────────┴───────────────┴─────────────────────┘
Issues? Report them at https://github.com/firebase/firebase-tools/issues and attach the *-debug.log files.
 
[debug] [2026-01-16T09:04:03.276Z] [work-queue] {"queuedWork":["/guess-it-app-c553b/us-central1/questions/questions-2026-01-16T09:04:03.276Z"],"queueLength":1,"runningWork":[],"workRunningCount":0}
[debug] [2026-01-16T09:04:03.276Z] [work-queue] {"queuedWork":[],"queueLength":0,"runningWork":["/guess-it-app-c553b/us-central1/questions/questions-2026-01-16T09:04:03.276Z"],"workRunningCount":1}
[debug] [2026-01-16T09:04:03.277Z] Accepted request OPTIONS /guess-it-app-c553b/us-central1/questions/questions?userId=14zoDkVnu5SgYYTI92VU0riwerq2 --> us-central1-questions
[debug] [2026-01-16T09:04:03.280Z] [functions] Runtime ready! Sending request! {"metadata":{"emulator":{"name":"functions"},"message":"[functions] Runtime ready! Sending request!"}}
[debug] [2026-01-16T09:04:03.281Z] [functions] Got req.url=/guess-it-app-c553b/us-central1/questions/questions?userId=14zoDkVnu5SgYYTI92VU0riwerq2, mapping to path=/questions?userId=14zoDkVnu5SgYYTI92VU0riwerq2 {"metadata":{"emulator":{"name":"functions"},"message":"[functions] Got req.url=/guess-it-app-c553b/us-central1/questions/questions?userId=14zoDkVnu5SgYYTI92VU0riwerq2, mapping to path=/questions?userId=14zoDkVnu5SgYYTI92VU0riwerq2"}}
[debug] [2026-01-16T09:04:03.293Z] [worker-pool] addWorker(us-central1-questions) {"metadata":{"emulator":{"name":"functions"},"message":"[worker-pool] addWorker(us-central1-questions)"}}
[debug] [2026-01-16T09:04:03.294Z] [worker-pool] Adding worker with key us-central1-questions, total=1 {"metadata":{"emulator":{"name":"functions"},"message":"[worker-pool] Adding worker with key us-central1-questions, total=1"}}
[debug] [2026-01-16T09:04:04.527Z] [runtime-status] [7632] Resolved module firebase-admin {"declared":true,"installed":true,"version":"13.6.0","resolution":"C:\\Javier\\ProjectGuessIt\\functions\\node_modules\\firebase-admin\\lib\\index.js"} {"metadata":{"emulator":{"name":"functions"},"function":{"name":"us-central1-questions"},"extension":{},"message":"[runtime-status] [7632] Resolved module firebase-admin {\"declared\":true,\"installed\":true,\"version\":\"13.6.0\",\"resolution\":\"C:\\\\Javier\\\\ProjectGuessIt\\\\functions\\\\node_modules\\\\firebase-admin\\\\lib\\\\index.js\"}"}}
[debug] [2026-01-16T09:04:04.528Z] [runtime-status] [7632] Resolved module firebase-functions {"declared":true,"installed":true,"version":"7.0.2","resolution":"C:\\Javier\\ProjectGuessIt\\functions\\node_modules\\firebase-functions\\lib\\v2\\index.js"} {"metadata":{"emulator":{"name":"functions"},"function":{"name":"us-central1-questions"},"extension":{},"message":"[runtime-status] [7632] Resolved module firebase-functions {\"declared\":true,\"installed\":true,\"version\":\"7.0.2\",\"resolution\":\"C:\\\\Javier\\\\ProjectGuessIt\\\\functions\\\\node_modules\\\\firebase-functions\\\\lib\\\\v2\\\\index.js\"}"}}
[debug] [2026-01-16T09:04:04.528Z] [runtime-status] [7632] Outgoing network have been stubbed. [{"name":"http","status":"mocked"},{"name":"http","status":"mocked"},{"name":"https","status":"mocked"},{"name":"https","status":"mocked"},{"name":"net","status":"mocked"}] {"metadata":{"emulator":{"name":"functions"},"function":{"name":"us-central1-questions"},"extension":{},"message":"[runtime-status] [7632] Outgoing network have been stubbed. [{\"name\":\"http\",\"status\":\"mocked\"},{\"name\":\"http\",\"status\":\"mocked\"},{\"name\":\"https\",\"status\":\"mocked\"},{\"name\":\"https\",\"status\":\"mocked\"},{\"name\":\"net\",\"status\":\"mocked\"}]"}}
[debug] [2026-01-16T09:04:04.529Z] [runtime-status] [7632] Resolved module firebase-functions {"declared":true,"installed":true,"version":"7.0.2","resolution":"C:\\Javier\\ProjectGuessIt\\functions\\node_modules\\firebase-functions\\lib\\v2\\index.js"} {"metadata":{"emulator":{"name":"functions"},"function":{"name":"us-central1-questions"},"extension":{},"message":"[runtime-status] [7632] Resolved module firebase-functions {\"declared\":true,\"installed\":true,\"version\":\"7.0.2\",\"resolution\":\"C:\\\\Javier\\\\ProjectGuessIt\\\\functions\\\\node_modules\\\\firebase-functions\\\\lib\\\\v2\\\\index.js\"}"}}
[debug] [2026-01-16T09:04:04.529Z] [runtime-status] [7632] Detected firebase-functions v7+, skipping legacy stubs. {"metadata":{"emulator":{"name":"functions"},"function":{"name":"us-central1-questions"},"extension":{},"message":"[runtime-status] [7632] Detected firebase-functions v7+, skipping legacy stubs."}}
[debug] [2026-01-16T09:04:04.531Z] [runtime-status] [7632] Resolved module firebase-admin {"declared":true,"installed":true,"version":"13.6.0","resolution":"C:\\Javier\\ProjectGuessIt\\functions\\node_modules\\firebase-admin\\lib\\index.js"} {"metadata":{"emulator":{"name":"functions"},"function":{"name":"us-central1-questions"},"extension":{},"message":"[runtime-status] [7632] Resolved module firebase-admin {\"declared\":true,\"installed\":true,\"version\":\"13.6.0\",\"resolution\":\"C:\\\\Javier\\\\ProjectGuessIt\\\\functions\\\\node_modules\\\\firebase-admin\\\\lib\\\\index.js\"}"}}
[debug] [2026-01-16T09:04:04.618Z] [runtime-status] [7632] Resolved module firebase-functions {"declared":true,"installed":true,"version":"7.0.2","resolution":"C:\\Javier\\ProjectGuessIt\\functions\\node_modules\\firebase-functions\\lib\\v2\\index.js"} {"metadata":{"emulator":{"name":"functions"},"function":{"name":"us-central1-questions"},"extension":{},"message":"[runtime-status] [7632] Resolved module firebase-functions {\"declared\":true,\"installed\":true,\"version\":\"7.0.2\",\"resolution\":\"C:\\\\Javier\\\\ProjectGuessIt\\\\functions\\\\node_modules\\\\firebase-functions\\\\lib\\\\v2\\\\index.js\"}"}}
[debug] [2026-01-16T09:04:04.905Z] [runtime-status] [7632] firebase-admin has been stubbed. {"adminResolution":{"declared":true,"installed":true,"version":"13.6.0","resolution":"C:\\Javier\\ProjectGuessIt\\functions\\node_modules\\firebase-admin\\lib\\index.js"}} {"metadata":{"emulator":{"name":"functions"},"function":{"name":"us-central1-questions"},"extension":{},"message":"[runtime-status] [7632] firebase-admin has been stubbed. {\"adminResolution\":{\"declared\":true,\"installed\":true,\"version\":\"13.6.0\",\"resolution\":\"C:\\\\Javier\\\\ProjectGuessIt\\\\functions\\\\node_modules\\\\firebase-admin\\\\lib\\\\index.js\"}}"}}
[debug] [2026-01-16T09:04:05.026Z] [runtime-status] [7632] Functions runtime initialized. {"cwd":"C:\\Javier\\ProjectGuessIt\\functions","node_version":"24.13.0"} {"metadata":{"emulator":{"name":"functions"},"function":{"name":"us-central1-questions"},"extension":{},"message":"[runtime-status] [7632] Functions runtime initialized. {\"cwd\":\"C:\\\\Javier\\\\ProjectGuessIt\\\\functions\",\"node_version\":\"24.13.0\"}"}}
[debug] [2026-01-16T09:04:05.027Z] [runtime-status] [7632] Listening to port: \\?\pipe\fire_emu_28b29ca5b85da30a {"metadata":{"emulator":{"name":"functions"},"function":{"name":"us-central1-questions"},"extension":{},"message":"[runtime-status] [7632] Listening to port: \\\\?\\pipe\\fire_emu_28b29ca5b85da30a"}}
[debug] [2026-01-16T09:04:05.077Z] [worker-us-central1-questions-cf0c7f08-8127-4f55-841a-592134809ba4]: IDLE {"metadata":{"emulator":{"name":"functions"},"function":{"name":"us-central1-questions"},"extension":{},"message":"[worker-us-central1-questions-cf0c7f08-8127-4f55-841a-592134809ba4]: IDLE"}}
[debug] [2026-01-16T09:04:05.078Z] [worker-pool] submitRequest(triggerId=us-central1-questions) {"metadata":{"emulator":{"name":"functions"},"message":"[worker-pool] submitRequest(triggerId=us-central1-questions)"}}
[info] i  functions: Beginning execution of "us-central1-questions" {"metadata":{"emulator":{"name":"functions"},"function":{"name":"us-central1-questions"},"extension":{},"message":"Beginning execution of \"us-central1-questions\""}}
[debug] [2026-01-16T09:04:05.078Z] [worker-us-central1-questions-cf0c7f08-8127-4f55-841a-592134809ba4]: BUSY {"metadata":{"emulator":{"name":"functions"},"function":{"name":"us-central1-questions"},"extension":{},"message":"[worker-us-central1-questions-cf0c7f08-8127-4f55-841a-592134809ba4]: BUSY"}}
[debug] [2026-01-16T09:04:05.085Z] Finishing up request with event=pause {"metadata":{"emulator":{"name":"functions"},"function":{"name":"us-central1-questions"},"extension":{},"message":"Finishing up request with event=pause"}}
[info] i  functions: Finished "us-central1-questions" in 6.5772ms {"metadata":{"emulator":{"name":"functions"},"function":{"name":"us-central1-questions"},"extension":{},"message":"Finished \"us-central1-questions\" in 6.5772ms"}}
[debug] [2026-01-16T09:04:05.086Z] [worker-us-central1-questions-cf0c7f08-8127-4f55-841a-592134809ba4]: IDLE {"metadata":{"emulator":{"name":"functions"},"function":{"name":"us-central1-questions"},"extension":{},"message":"[worker-us-central1-questions-cf0c7f08-8127-4f55-841a-592134809ba4]: IDLE"}}
[debug] [2026-01-16T09:04:05.086Z] Finishing up request with event=finish {"metadata":{"emulator":{"name":"functions"},"function":{"name":"us-central1-questions"},"extension":{},"message":"Finishing up request with event=finish"}}
[debug] [2026-01-16T09:04:05.086Z] Finishing up request with event=close {"metadata":{"emulator":{"name":"functions"},"function":{"name":"us-central1-questions"},"extension":{},"message":"Finishing up request with event=close"}}
[debug] [2026-01-16T09:04:05.086Z] [work-queue] {"queuedWork":[],"queueLength":0,"runningWork":[],"workRunningCount":0}
[debug] [2026-01-16T09:04:05.088Z] [work-queue] {"queuedWork":["/guess-it-app-c553b/us-central1/questions/questions-2026-01-16T09:04:05.088Z"],"queueLength":1,"runningWork":[],"workRunningCount":0}
[debug] [2026-01-16T09:04:05.088Z] [work-queue] {"queuedWork":[],"queueLength":0,"runningWork":["/guess-it-app-c553b/us-central1/questions/questions-2026-01-16T09:04:05.088Z"],"workRunningCount":1}
[debug] [2026-01-16T09:04:05.088Z] Accepted request GET /guess-it-app-c553b/us-central1/questions/questions?userId=14zoDkVnu5SgYYTI92VU0riwerq2 --> us-central1-questions
[debug] [2026-01-16T09:04:05.089Z] [functions] Runtime ready! Sending request! {"metadata":{"emulator":{"name":"functions"},"message":"[functions] Runtime ready! Sending request!"}}
[debug] [2026-01-16T09:04:05.089Z] [functions] Got req.url=/guess-it-app-c553b/us-central1/questions/questions?userId=14zoDkVnu5SgYYTI92VU0riwerq2, mapping to path=/questions?userId=14zoDkVnu5SgYYTI92VU0riwerq2 {"metadata":{"emulator":{"name":"functions"},"message":"[functions] Got req.url=/guess-it-app-c553b/us-central1/questions/questions?userId=14zoDkVnu5SgYYTI92VU0riwerq2, mapping to path=/questions?userId=14zoDkVnu5SgYYTI92VU0riwerq2"}}
[debug] [2026-01-16T09:04:05.089Z] [worker-pool] submitRequest(triggerId=us-central1-questions) {"metadata":{"emulator":{"name":"functions"},"message":"[worker-pool] submitRequest(triggerId=us-central1-questions)"}}
[info] i  functions: Beginning execution of "us-central1-questions" {"metadata":{"emulator":{"name":"functions"},"function":{"name":"us-central1-questions"},"extension":{},"message":"Beginning execution of \"us-central1-questions\""}}
[debug] [2026-01-16T09:04:05.090Z] [worker-us-central1-questions-cf0c7f08-8127-4f55-841a-592134809ba4]: BUSY {"metadata":{"emulator":{"name":"functions"},"function":{"name":"us-central1-questions"},"extension":{},"message":"[worker-us-central1-questions-cf0c7f08-8127-4f55-841a-592134809ba4]: BUSY"}}
[debug] [2026-01-16T09:04:07.987Z] Finishing up request with event=pause {"metadata":{"emulator":{"name":"functions"},"function":{"name":"us-central1-questions"},"extension":{},"message":"Finishing up request with event=pause"}}
[info] i  functions: Finished "us-central1-questions" in 2897.1344ms {"metadata":{"emulator":{"name":"functions"},"function":{"name":"us-central1-questions"},"extension":{},"message":"Finished \"us-central1-questions\" in 2897.1344ms"}}
[debug] [2026-01-16T09:04:07.987Z] [worker-us-central1-questions-cf0c7f08-8127-4f55-841a-592134809ba4]: IDLE {"metadata":{"emulator":{"name":"functions"},"function":{"name":"us-central1-questions"},"extension":{},"message":"[worker-us-central1-questions-cf0c7f08-8127-4f55-841a-592134809ba4]: IDLE"}}
[debug] [2026-01-16T09:04:07.988Z] Finishing up request with event=finish {"metadata":{"emulator":{"name":"functions"},"function":{"name":"us-central1-questions"},"extension":{},"message":"Finishing up request with event=finish"}}
[debug] [2026-01-16T09:04:07.988Z] Finishing up request with event=close {"metadata":{"emulator":{"name":"functions"},"function":{"name":"us-central1-questions"},"extension":{},"message":"Finishing up request with event=close"}}
[debug] [2026-01-16T09:04:07.988Z] [work-queue] {"queuedWork":[],"queueLength":0,"runningWork":[],"workRunningCount":0}
[debug] [2026-01-16T09:04:10.295Z] [work-queue] {"queuedWork":["/guess-it-app-c553b/us-central1/questions/questions-2026-01-16T09:04:10.295Z"],"queueLength":1,"runningWork":[],"workRunningCount":0}
[debug] [2026-01-16T09:04:10.296Z] [work-queue] {"queuedWork":[],"queueLength":0,"runningWork":["/guess-it-app-c553b/us-central1/questions/questions-2026-01-16T09:04:10.295Z"],"workRunningCount":1}
[debug] [2026-01-16T09:04:10.296Z] Accepted request OPTIONS /guess-it-app-c553b/us-central1/questions/questions?userId=14zoDkVnu5SgYYTI92VU0riwerq2 --> us-central1-questions
[debug] [2026-01-16T09:04:10.298Z] [functions] Runtime ready! Sending request! {"metadata":{"emulator":{"name":"functions"},"message":"[functions] Runtime ready! Sending request!"}}
[debug] [2026-01-16T09:04:10.298Z] [functions] Got req.url=/guess-it-app-c553b/us-central1/questions/questions?userId=14zoDkVnu5SgYYTI92VU0riwerq2, mapping to path=/questions?userId=14zoDkVnu5SgYYTI92VU0riwerq2 {"metadata":{"emulator":{"name":"functions"},"message":"[functions] Got req.url=/guess-it-app-c553b/us-central1/questions/questions?userId=14zoDkVnu5SgYYTI92VU0riwerq2, mapping to path=/questions?userId=14zoDkVnu5SgYYTI92VU0riwerq2"}}
[debug] [2026-01-16T09:04:10.298Z] [worker-pool] submitRequest(triggerId=us-central1-questions) {"metadata":{"emulator":{"name":"functions"},"message":"[worker-pool] submitRequest(triggerId=us-central1-questions)"}}
[info] i  functions: Beginning execution of "us-central1-questions" {"metadata":{"emulator":{"name":"functions"},"function":{"name":"us-central1-questions"},"extension":{},"message":"Beginning execution of \"us-central1-questions\""}}
[debug] [2026-01-16T09:04:10.298Z] [worker-us-central1-questions-cf0c7f08-8127-4f55-841a-592134809ba4]: BUSY {"metadata":{"emulator":{"name":"functions"},"function":{"name":"us-central1-questions"},"extension":{},"message":"[worker-us-central1-questions-cf0c7f08-8127-4f55-841a-592134809ba4]: BUSY"}}
[debug] [2026-01-16T09:04:10.300Z] Finishing up request with event=pause {"metadata":{"emulator":{"name":"functions"},"function":{"name":"us-central1-questions"},"extension":{},"message":"Finishing up request with event=pause"}}
[info] i  functions: Finished "us-central1-questions" in 2.1018ms {"metadata":{"emulator":{"name":"functions"},"function":{"name":"us-central1-questions"},"extension":{},"message":"Finished \"us-central1-questions\" in 2.1018ms"}}
[debug] [2026-01-16T09:04:10.301Z] [worker-us-central1-questions-cf0c7f08-8127-4f55-841a-592134809ba4]: IDLE {"metadata":{"emulator":{"name":"functions"},"function":{"name":"us-central1-questions"},"extension":{},"message":"[worker-us-central1-questions-cf0c7f08-8127-4f55-841a-592134809ba4]: IDLE"}}
[debug] [2026-01-16T09:04:10.301Z] Finishing up request with event=finish {"metadata":{"emulator":{"name":"functions"},"function":{"name":"us-central1-questions"},"extension":{},"message":"Finishing up request with event=finish"}}
[debug] [2026-01-16T09:04:10.302Z] Finishing up request with event=close {"metadata":{"emulator":{"name":"functions"},"function":{"name":"us-central1-questions"},"extension":{},"message":"Finishing up request with event=close"}}
[debug] [2026-01-16T09:04:10.302Z] [work-queue] {"queuedWork":[],"queueLength":0,"runningWork":[],"workRunningCount":0}
[debug] [2026-01-16T09:04:10.305Z] [work-queue] {"queuedWork":["/guess-it-app-c553b/us-central1/questions/questions-2026-01-16T09:04:10.305Z"],"queueLength":1,"runningWork":[],"workRunningCount":0}
[debug] [2026-01-16T09:04:10.305Z] [work-queue] {"queuedWork":[],"queueLength":0,"runningWork":["/guess-it-app-c553b/us-central1/questions/questions-2026-01-16T09:04:10.305Z"],"workRunningCount":1}
[debug] [2026-01-16T09:04:10.305Z] Accepted request GET /guess-it-app-c553b/us-central1/questions/questions?userId=14zoDkVnu5SgYYTI92VU0riwerq2 --> us-central1-questions
[debug] [2026-01-16T09:04:10.307Z] [functions] Runtime ready! Sending request! {"metadata":{"emulator":{"name":"functions"},"message":"[functions] Runtime ready! Sending request!"}}
[debug] [2026-01-16T09:04:10.308Z] [functions] Got req.url=/guess-it-app-c553b/us-central1/questions/questions?userId=14zoDkVnu5SgYYTI92VU0riwerq2, mapping to path=/questions?userId=14zoDkVnu5SgYYTI92VU0riwerq2 {"metadata":{"emulator":{"name":"functions"},"message":"[functions] Got req.url=/guess-it-app-c553b/us-central1/questions/questions?userId=14zoDkVnu5SgYYTI92VU0riwerq2, mapping to path=/questions?userId=14zoDkVnu5SgYYTI92VU0riwerq2"}}
[debug] [2026-01-16T09:04:10.308Z] [worker-pool] submitRequest(triggerId=us-central1-questions) {"metadata":{"emulator":{"name":"functions"},"message":"[worker-pool] submitRequest(triggerId=us-central1-questions)"}}
[info] i  functions: Beginning execution of "us-central1-questions" {"metadata":{"emulator":{"name":"functions"},"function":{"name":"us-central1-questions"},"extension":{},"message":"Beginning execution of \"us-central1-questions\""}}
[debug] [2026-01-16T09:04:10.308Z] [worker-us-central1-questions-cf0c7f08-8127-4f55-841a-592134809ba4]: BUSY {"metadata":{"emulator":{"name":"functions"},"function":{"name":"us-central1-questions"},"extension":{},"message":"[worker-us-central1-questions-cf0c7f08-8127-4f55-841a-592134809ba4]: BUSY"}}
[debug] [2026-01-16T09:04:10.328Z] Finishing up request with event=pause {"metadata":{"emulator":{"name":"functions"},"function":{"name":"us-central1-questions"},"extension":{},"message":"Finishing up request with event=pause"}}
[info] i  functions: Finished "us-central1-questions" in 20.304ms {"metadata":{"emulator":{"name":"functions"},"function":{"name":"us-central1-questions"},"extension":{},"message":"Finished \"us-central1-questions\" in 20.304ms"}}
[debug] [2026-01-16T09:04:10.329Z] [worker-us-central1-questions-cf0c7f08-8127-4f55-841a-592134809ba4]: IDLE {"metadata":{"emulator":{"name":"functions"},"function":{"name":"us-central1-questions"},"extension":{},"message":"[worker-us-central1-questions-cf0c7f08-8127-4f55-841a-592134809ba4]: IDLE"}}
[debug] [2026-01-16T09:04:10.329Z] Finishing up request with event=finish {"metadata":{"emulator":{"name":"functions"},"function":{"name":"us-central1-questions"},"extension":{},"message":"Finishing up request with event=finish"}}
[debug] [2026-01-16T09:04:10.329Z] Finishing up request with event=close {"metadata":{"emulator":{"name":"functions"},"function":{"name":"us-central1-questions"},"extension":{},"message":"Finishing up request with event=close"}}
[debug] [2026-01-16T09:04:10.330Z] [work-queue] {"queuedWork":[],"queueLength":0,"runningWork":[],"workRunningCount":0}
[debug] [2026-01-16T09:05:10.152Z] [work-queue] {"queuedWork":["/guess-it-app-c553b/us-central1/questions/questions-2026-01-16T09:05:10.152Z"],"queueLength":1,"runningWork":[],"workRunningCount":0}
[debug] [2026-01-16T09:05:10.152Z] [work-queue] {"queuedWork":[],"queueLength":0,"runningWork":["/guess-it-app-c553b/us-central1/questions/questions-2026-01-16T09:05:10.152Z"],"workRunningCount":1}
[debug] [2026-01-16T09:05:10.152Z] Accepted request OPTIONS /guess-it-app-c553b/us-central1/questions/questions --> us-central1-questions
[debug] [2026-01-16T09:05:10.154Z] [functions] Runtime ready! Sending request! {"metadata":{"emulator":{"name":"functions"},"message":"[functions] Runtime ready! Sending request!"}}
[debug] [2026-01-16T09:05:10.155Z] [functions] Got req.url=/guess-it-app-c553b/us-central1/questions/questions, mapping to path=/questions {"metadata":{"emulator":{"name":"functions"},"message":"[functions] Got req.url=/guess-it-app-c553b/us-central1/questions/questions, mapping to path=/questions"}}
[debug] [2026-01-16T09:05:10.155Z] [worker-pool] submitRequest(triggerId=us-central1-questions) {"metadata":{"emulator":{"name":"functions"},"message":"[worker-pool] submitRequest(triggerId=us-central1-questions)"}}
[info] i  functions: Beginning execution of "us-central1-questions" {"metadata":{"emulator":{"name":"functions"},"function":{"name":"us-central1-questions"},"extension":{},"message":"Beginning execution of \"us-central1-questions\""}}
[debug] [2026-01-16T09:05:10.156Z] [worker-us-central1-questions-cf0c7f08-8127-4f55-841a-592134809ba4]: BUSY {"metadata":{"emulator":{"name":"functions"},"function":{"name":"us-central1-questions"},"extension":{},"message":"[worker-us-central1-questions-cf0c7f08-8127-4f55-841a-592134809ba4]: BUSY"}}
[debug] [2026-01-16T09:05:10.159Z] Finishing up request with event=pause {"metadata":{"emulator":{"name":"functions"},"function":{"name":"us-central1-questions"},"extension":{},"message":"Finishing up request with event=pause"}}
[info] i  functions: Finished "us-central1-questions" in 4.0263ms {"metadata":{"emulator":{"name":"functions"},"function":{"name":"us-central1-questions"},"extension":{},"message":"Finished \"us-central1-questions\" in 4.0263ms"}}
[debug] [2026-01-16T09:05:10.160Z] [worker-us-central1-questions-cf0c7f08-8127-4f55-841a-592134809ba4]: IDLE {"metadata":{"emulator":{"name":"functions"},"function":{"name":"us-central1-questions"},"extension":{},"message":"[worker-us-central1-questions-cf0c7f08-8127-4f55-841a-592134809ba4]: IDLE"}}
[debug] [2026-01-16T09:05:10.160Z] Finishing up request with event=finish {"metadata":{"emulator":{"name":"functions"},"function":{"name":"us-central1-questions"},"extension":{},"message":"Finishing up request with event=finish"}}
[debug] [2026-01-16T09:05:10.160Z] Finishing up request with event=close {"metadata":{"emulator":{"name":"functions"},"function":{"name":"us-central1-questions"},"extension":{},"message":"Finishing up request with event=close"}}
[debug] [2026-01-16T09:05:10.160Z] [work-queue] {"queuedWork":[],"queueLength":0,"runningWork":[],"workRunningCount":0}
[debug] [2026-01-16T09:05:10.163Z] [work-queue] {"queuedWork":["/guess-it-app-c553b/us-central1/questions/questions-2026-01-16T09:05:10.163Z"],"queueLength":1,"runningWork":[],"workRunningCount":0}
[debug] [2026-01-16T09:05:10.163Z] [work-queue] {"queuedWork":[],"queueLength":0,"runningWork":["/guess-it-app-c553b/us-central1/questions/questions-2026-01-16T09:05:10.163Z"],"workRunningCount":1}
[debug] [2026-01-16T09:05:10.163Z] Accepted request POST /guess-it-app-c553b/us-central1/questions/questions --> us-central1-questions
[debug] [2026-01-16T09:05:10.165Z] [functions] Runtime ready! Sending request! {"metadata":{"emulator":{"name":"functions"},"message":"[functions] Runtime ready! Sending request!"}}
[debug] [2026-01-16T09:05:10.165Z] [functions] Got req.url=/guess-it-app-c553b/us-central1/questions/questions, mapping to path=/questions {"metadata":{"emulator":{"name":"functions"},"message":"[functions] Got req.url=/guess-it-app-c553b/us-central1/questions/questions, mapping to path=/questions"}}
[debug] [2026-01-16T09:05:10.165Z] [worker-pool] submitRequest(triggerId=us-central1-questions) {"metadata":{"emulator":{"name":"functions"},"message":"[worker-pool] submitRequest(triggerId=us-central1-questions)"}}
[info] i  functions: Beginning execution of "us-central1-questions" {"metadata":{"emulator":{"name":"functions"},"function":{"name":"us-central1-questions"},"extension":{},"message":"Beginning execution of \"us-central1-questions\""}}
[debug] [2026-01-16T09:05:10.165Z] [worker-us-central1-questions-cf0c7f08-8127-4f55-841a-592134809ba4]: BUSY {"metadata":{"emulator":{"name":"functions"},"function":{"name":"us-central1-questions"},"extension":{},"message":"[worker-us-central1-questions-cf0c7f08-8127-4f55-841a-592134809ba4]: BUSY"}}
[debug] [2026-01-16T09:05:10.472Z] Finishing up request with event=pause {"metadata":{"emulator":{"name":"functions"},"function":{"name":"us-central1-questions"},"extension":{},"message":"Finishing up request with event=pause"}}
[info] i  functions: Finished "us-central1-questions" in 307.1496ms {"metadata":{"emulator":{"name":"functions"},"function":{"name":"us-central1-questions"},"extension":{},"message":"Finished \"us-central1-questions\" in 307.1496ms"}}
[debug] [2026-01-16T09:05:10.473Z] [worker-us-central1-questions-cf0c7f08-8127-4f55-841a-592134809ba4]: IDLE {"metadata":{"emulator":{"name":"functions"},"function":{"name":"us-central1-questions"},"extension":{},"message":"[worker-us-central1-questions-cf0c7f08-8127-4f55-841a-592134809ba4]: IDLE"}}
[debug] [2026-01-16T09:05:10.473Z] Finishing up request with event=finish {"metadata":{"emulator":{"name":"functions"},"function":{"name":"us-central1-questions"},"extension":{},"message":"Finishing up request with event=finish"}}
[debug] [2026-01-16T09:05:10.473Z] Finishing up request with event=close {"metadata":{"emulator":{"name":"functions"},"function":{"name":"us-central1-questions"},"extension":{},"message":"Finishing up request with event=close"}}
[debug] [2026-01-16T09:05:10.473Z] [work-queue] {"queuedWork":[],"queueLength":0,"runningWork":[],"workRunningCount":0}
[debug] [2026-01-16T09:05:10.491Z] [work-queue] {"queuedWork":["/guess-it-app-c553b/us-central1/questions/questions-2026-01-16T09:05:10.491Z"],"queueLength":1,"runningWork":[],"workRunningCount":0}
[debug] [2026-01-16T09:05:10.491Z] [work-queue] {"queuedWork":[],"queueLength":0,"runningWork":["/guess-it-app-c553b/us-central1/questions/questions-2026-01-16T09:05:10.491Z"],"workRunningCount":1}
[debug] [2026-01-16T09:05:10.491Z] Accepted request OPTIONS /guess-it-app-c553b/us-central1/questions/questions?userId=14zoDkVnu5SgYYTI92VU0riwerq2 --> us-central1-questions
[debug] [2026-01-16T09:05:10.492Z] [functions] Runtime ready! Sending request! {"metadata":{"emulator":{"name":"functions"},"message":"[functions] Runtime ready! Sending request!"}}
[debug] [2026-01-16T09:05:10.492Z] [functions] Got req.url=/guess-it-app-c553b/us-central1/questions/questions?userId=14zoDkVnu5SgYYTI92VU0riwerq2, mapping to path=/questions?userId=14zoDkVnu5SgYYTI92VU0riwerq2 {"metadata":{"emulator":{"name":"functions"},"message":"[functions] Got req.url=/guess-it-app-c553b/us-central1/questions/questions?userId=14zoDkVnu5SgYYTI92VU0riwerq2, mapping to path=/questions?userId=14zoDkVnu5SgYYTI92VU0riwerq2"}}
[debug] [2026-01-16T09:05:10.492Z] [worker-pool] submitRequest(triggerId=us-central1-questions) {"metadata":{"emulator":{"name":"functions"},"message":"[worker-pool] submitRequest(triggerId=us-central1-questions)"}}
[info] i  functions: Beginning execution of "us-central1-questions" {"metadata":{"emulator":{"name":"functions"},"function":{"name":"us-central1-questions"},"extension":{},"message":"Beginning execution of \"us-central1-questions\""}}
[debug] [2026-01-16T09:05:10.492Z] [worker-us-central1-questions-cf0c7f08-8127-4f55-841a-592134809ba4]: BUSY {"metadata":{"emulator":{"name":"functions"},"function":{"name":"us-central1-questions"},"extension":{},"message":"[worker-us-central1-questions-cf0c7f08-8127-4f55-841a-592134809ba4]: BUSY"}}
[debug] [2026-01-16T09:05:10.495Z] Finishing up request with event=pause {"metadata":{"emulator":{"name":"functions"},"function":{"name":"us-central1-questions"},"extension":{},"message":"Finishing up request with event=pause"}}
[info] i  functions: Finished "us-central1-questions" in 2.8656ms {"metadata":{"emulator":{"name":"functions"},"function":{"name":"us-central1-questions"},"extension":{},"message":"Finished \"us-central1-questions\" in 2.8656ms"}}
[debug] [2026-01-16T09:05:10.496Z] [worker-us-central1-questions-cf0c7f08-8127-4f55-841a-592134809ba4]: IDLE {"metadata":{"emulator":{"name":"functions"},"function":{"name":"us-central1-questions"},"extension":{},"message":"[worker-us-central1-questions-cf0c7f08-8127-4f55-841a-592134809ba4]: IDLE"}}
[debug] [2026-01-16T09:05:10.496Z] Finishing up request with event=finish {"metadata":{"emulator":{"name":"functions"},"function":{"name":"us-central1-questions"},"extension":{},"message":"Finishing up request with event=finish"}}
[debug] [2026-01-16T09:05:10.496Z] Finishing up request with event=close {"metadata":{"emulator":{"name":"functions"},"function":{"name":"us-central1-questions"},"extension":{},"message":"Finishing up request with event=close"}}
[debug] [2026-01-16T09:05:10.496Z] [work-queue] {"queuedWork":[],"queueLength":0,"runningWork":[],"workRunningCount":0}
[debug] [2026-01-16T09:05:10.498Z] [work-queue] {"queuedWork":["/guess-it-app-c553b/us-central1/questions/questions-2026-01-16T09:05:10.498Z"],"queueLength":1,"runningWork":[],"workRunningCount":0}
[debug] [2026-01-16T09:05:10.498Z] [work-queue] {"queuedWork":[],"queueLength":0,"runningWork":["/guess-it-app-c553b/us-central1/questions/questions-2026-01-16T09:05:10.498Z"],"workRunningCount":1}
[debug] [2026-01-16T09:05:10.498Z] Accepted request GET /guess-it-app-c553b/us-central1/questions/questions?userId=14zoDkVnu5SgYYTI92VU0riwerq2 --> us-central1-questions
[debug] [2026-01-16T09:05:10.499Z] [functions] Runtime ready! Sending request! {"metadata":{"emulator":{"name":"functions"},"message":"[functions] Runtime ready! Sending request!"}}
[debug] [2026-01-16T09:05:10.499Z] [functions] Got req.url=/guess-it-app-c553b/us-central1/questions/questions?userId=14zoDkVnu5SgYYTI92VU0riwerq2, mapping to path=/questions?userId=14zoDkVnu5SgYYTI92VU0riwerq2 {"metadata":{"emulator":{"name":"functions"},"message":"[functions] Got req.url=/guess-it-app-c553b/us-central1/questions/questions?userId=14zoDkVnu5SgYYTI92VU0riwerq2, mapping to path=/questions?userId=14zoDkVnu5SgYYTI92VU0riwerq2"}}
[debug] [2026-01-16T09:05:10.499Z] [worker-pool] submitRequest(triggerId=us-central1-questions) {"metadata":{"emulator":{"name":"functions"},"message":"[worker-pool] submitRequest(triggerId=us-central1-questions)"}}
[info] i  functions: Beginning execution of "us-central1-questions" {"metadata":{"emulator":{"name":"functions"},"function":{"name":"us-central1-questions"},"extension":{},"message":"Beginning execution of \"us-central1-questions\""}}
[debug] [2026-01-16T09:05:10.500Z] [worker-us-central1-questions-cf0c7f08-8127-4f55-841a-592134809ba4]: BUSY {"metadata":{"emulator":{"name":"functions"},"function":{"name":"us-central1-questions"},"extension":{},"message":"[worker-us-central1-questions-cf0c7f08-8127-4f55-841a-592134809ba4]: BUSY"}}
[debug] [2026-01-16T09:05:10.551Z] Finishing up request with event=pause {"metadata":{"emulator":{"name":"functions"},"function":{"name":"us-central1-questions"},"extension":{},"message":"Finishing up request with event=pause"}}
[info] i  functions: Finished "us-central1-questions" in 51.6839ms {"metadata":{"emulator":{"name":"functions"},"function":{"name":"us-central1-questions"},"extension":{},"message":"Finished \"us-central1-questions\" in 51.6839ms"}}
[debug] [2026-01-16T09:05:10.552Z] [worker-us-central1-questions-cf0c7f08-8127-4f55-841a-592134809ba4]: IDLE {"metadata":{"emulator":{"name":"functions"},"function":{"name":"us-central1-questions"},"extension":{},"message":"[worker-us-central1-questions-cf0c7f08-8127-4f55-841a-592134809ba4]: IDLE"}}
[debug] [2026-01-16T09:05:10.552Z] Finishing up request with event=finish {"metadata":{"emulator":{"name":"functions"},"function":{"name":"us-central1-questions"},"extension":{},"message":"Finishing up request with event=finish"}}
[debug] [2026-01-16T09:05:10.552Z] Finishing up request with event=close {"metadata":{"emulator":{"name":"functions"},"function":{"name":"us-central1-questions"},"extension":{},"message":"Finishing up request with event=close"}}
[debug] [2026-01-16T09:05:10.552Z] [work-queue] {"queuedWork":[],"queueLength":0,"runningWork":[],"workRunningCount":0}
[debug] [2026-01-16T09:05:48.135Z] [work-queue] {"queuedWork":["/guess-it-app-c553b/us-central1/questions/questions-2026-01-16T09:05:48.135Z"],"queueLength":1,"runningWork":[],"workRunningCount":0}
[debug] [2026-01-16T09:05:48.135Z] [work-queue] {"queuedWork":[],"queueLength":0,"runningWork":["/guess-it-app-c553b/us-central1/questions/questions-2026-01-16T09:05:48.135Z"],"workRunningCount":1}
[debug] [2026-01-16T09:05:48.135Z] Accepted request OPTIONS /guess-it-app-c553b/us-central1/questions/questions?userId=14zoDkVnu5SgYYTI92VU0riwerq2 --> us-central1-questions
[debug] [2026-01-16T09:05:48.137Z] [functions] Runtime ready! Sending request! {"metadata":{"emulator":{"name":"functions"},"message":"[functions] Runtime ready! Sending request!"}}
[debug] [2026-01-16T09:05:48.137Z] [functions] Got req.url=/guess-it-app-c553b/us-central1/questions/questions?userId=14zoDkVnu5SgYYTI92VU0riwerq2, mapping to path=/questions?userId=14zoDkVnu5SgYYTI92VU0riwerq2 {"metadata":{"emulator":{"name":"functions"},"message":"[functions] Got req.url=/guess-it-app-c553b/us-central1/questions/questions?userId=14zoDkVnu5SgYYTI92VU0riwerq2, mapping to path=/questions?userId=14zoDkVnu5SgYYTI92VU0riwerq2"}}
[debug] [2026-01-16T09:05:48.138Z] [worker-pool] submitRequest(triggerId=us-central1-questions) {"metadata":{"emulator":{"name":"functions"},"message":"[worker-pool] submitRequest(triggerId=us-central1-questions)"}}
[info] i  functions: Beginning execution of "us-central1-questions" {"metadata":{"emulator":{"name":"functions"},"function":{"name":"us-central1-questions"},"extension":{},"message":"Beginning execution of \"us-central1-questions\""}}
[debug] [2026-01-16T09:05:48.138Z] [worker-us-central1-questions-cf0c7f08-8127-4f55-841a-592134809ba4]: BUSY {"metadata":{"emulator":{"name":"functions"},"function":{"name":"us-central1-questions"},"extension":{},"message":"[worker-us-central1-questions-cf0c7f08-8127-4f55-841a-592134809ba4]: BUSY"}}
[debug] [2026-01-16T09:05:48.140Z] Finishing up request with event=pause {"metadata":{"emulator":{"name":"functions"},"function":{"name":"us-central1-questions"},"extension":{},"message":"Finishing up request with event=pause"}}
[info] i  functions: Finished "us-central1-questions" in 2.2906ms {"metadata":{"emulator":{"name":"functions"},"function":{"name":"us-central1-questions"},"extension":{},"message":"Finished \"us-central1-questions\" in 2.2906ms"}}
[debug] [2026-01-16T09:05:48.141Z] [worker-us-central1-questions-cf0c7f08-8127-4f55-841a-592134809ba4]: IDLE {"metadata":{"emulator":{"name":"functions"},"function":{"name":"us-central1-questions"},"extension":{},"message":"[worker-us-central1-questions-cf0c7f08-8127-4f55-841a-592134809ba4]: IDLE"}}
[debug] [2026-01-16T09:05:48.141Z] Finishing up request with event=finish {"metadata":{"emulator":{"name":"functions"},"function":{"name":"us-central1-questions"},"extension":{},"message":"Finishing up request with event=finish"}}
[debug] [2026-01-16T09:05:48.141Z] Finishing up request with event=close {"metadata":{"emulator":{"name":"functions"},"function":{"name":"us-central1-questions"},"extension":{},"message":"Finishing up request with event=close"}}
[debug] [2026-01-16T09:05:48.141Z] [work-queue] {"queuedWork":[],"queueLength":0,"runningWork":[],"workRunningCount":0}
[debug] [2026-01-16T09:05:48.143Z] [work-queue] {"queuedWork":["/guess-it-app-c553b/us-central1/questions/questions-2026-01-16T09:05:48.143Z"],"queueLength":1,"runningWork":[],"workRunningCount":0}
[debug] [2026-01-16T09:05:48.143Z] [work-queue] {"queuedWork":[],"queueLength":0,"runningWork":["/guess-it-app-c553b/us-central1/questions/questions-2026-01-16T09:05:48.143Z"],"workRunningCount":1}
[debug] [2026-01-16T09:05:48.144Z] Accepted request GET /guess-it-app-c553b/us-central1/questions/questions?userId=14zoDkVnu5SgYYTI92VU0riwerq2 --> us-central1-questions
[debug] [2026-01-16T09:05:48.145Z] [functions] Runtime ready! Sending request! {"metadata":{"emulator":{"name":"functions"},"message":"[functions] Runtime ready! Sending request!"}}
[debug] [2026-01-16T09:05:48.145Z] [functions] Got req.url=/guess-it-app-c553b/us-central1/questions/questions?userId=14zoDkVnu5SgYYTI92VU0riwerq2, mapping to path=/questions?userId=14zoDkVnu5SgYYTI92VU0riwerq2 {"metadata":{"emulator":{"name":"functions"},"message":"[functions] Got req.url=/guess-it-app-c553b/us-central1/questions/questions?userId=14zoDkVnu5SgYYTI92VU0riwerq2, mapping to path=/questions?userId=14zoDkVnu5SgYYTI92VU0riwerq2"}}
[debug] [2026-01-16T09:05:48.146Z] [worker-pool] submitRequest(triggerId=us-central1-questions) {"metadata":{"emulator":{"name":"functions"},"message":"[worker-pool] submitRequest(triggerId=us-central1-questions)"}}
[info] i  functions: Beginning execution of "us-central1-questions" {"metadata":{"emulator":{"name":"functions"},"function":{"name":"us-central1-questions"},"extension":{},"message":"Beginning execution of \"us-central1-questions\""}}
[debug] [2026-01-16T09:05:48.146Z] [worker-us-central1-questions-cf0c7f08-8127-4f55-841a-592134809ba4]: BUSY {"metadata":{"emulator":{"name":"functions"},"function":{"name":"us-central1-questions"},"extension":{},"message":"[worker-us-central1-questions-cf0c7f08-8127-4f55-841a-592134809ba4]: BUSY"}}
[debug] [2026-01-16T09:05:48.164Z] Finishing up request with event=pause {"metadata":{"emulator":{"name":"functions"},"function":{"name":"us-central1-questions"},"extension":{},"message":"Finishing up request with event=pause"}}
[info] i  functions: Finished "us-central1-questions" in 18.6379ms {"metadata":{"emulator":{"name":"functions"},"function":{"name":"us-central1-questions"},"extension":{},"message":"Finished \"us-central1-questions\" in 18.6379ms"}}
[debug] [2026-01-16T09:05:48.165Z] [worker-us-central1-questions-cf0c7f08-8127-4f55-841a-592134809ba4]: IDLE {"metadata":{"emulator":{"name":"functions"},"function":{"name":"us-central1-questions"},"extension":{},"message":"[worker-us-central1-questions-cf0c7f08-8127-4f55-841a-592134809ba4]: IDLE"}}
[debug] [2026-01-16T09:05:48.165Z] Finishing up request with event=finish {"metadata":{"emulator":{"name":"functions"},"function":{"name":"us-central1-questions"},"extension":{},"message":"Finishing up request with event=finish"}}
[debug] [2026-01-16T09:05:48.165Z] Finishing up request with event=close {"metadata":{"emulator":{"name":"functions"},"function":{"name":"us-central1-questions"},"extension":{},"message":"Finishing up request with event=close"}}
[debug] [2026-01-16T09:05:48.165Z] [work-queue] {"queuedWork":[],"queueLength":0,"runningWork":[],"workRunningCount":0}
[debug] [2026-01-16T09:05:53.666Z] [work-queue] {"queuedWork":["/guess-it-app-c553b/us-central1/questions/questions-2026-01-16T09:05:53.666Z"],"queueLength":1,"runningWork":[],"workRunningCount":0}
[debug] [2026-01-16T09:05:53.667Z] [work-queue] {"queuedWork":[],"queueLength":0,"runningWork":["/guess-it-app-c553b/us-central1/questions/questions-2026-01-16T09:05:53.666Z"],"workRunningCount":1}
[debug] [2026-01-16T09:05:53.667Z] Accepted request OPTIONS /guess-it-app-c553b/us-central1/questions/questions?userId=14zoDkVnu5SgYYTI92VU0riwerq2 --> us-central1-questions
[debug] [2026-01-16T09:05:53.669Z] [functions] Runtime ready! Sending request! {"metadata":{"emulator":{"name":"functions"},"message":"[functions] Runtime ready! Sending request!"}}
[debug] [2026-01-16T09:05:53.669Z] [functions] Got req.url=/guess-it-app-c553b/us-central1/questions/questions?userId=14zoDkVnu5SgYYTI92VU0riwerq2, mapping to path=/questions?userId=14zoDkVnu5SgYYTI92VU0riwerq2 {"metadata":{"emulator":{"name":"functions"},"message":"[functions] Got req.url=/guess-it-app-c553b/us-central1/questions/questions?userId=14zoDkVnu5SgYYTI92VU0riwerq2, mapping to path=/questions?userId=14zoDkVnu5SgYYTI92VU0riwerq2"}}
[debug] [2026-01-16T09:05:53.669Z] [worker-pool] submitRequest(triggerId=us-central1-questions) {"metadata":{"emulator":{"name":"functions"},"message":"[worker-pool] submitRequest(triggerId=us-central1-questions)"}}
[info] i  functions: Beginning execution of "us-central1-questions" {"metadata":{"emulator":{"name":"functions"},"function":{"name":"us-central1-questions"},"extension":{},"message":"Beginning execution of \"us-central1-questions\""}}
[debug] [2026-01-16T09:05:53.670Z] [worker-us-central1-questions-cf0c7f08-8127-4f55-841a-592134809ba4]: BUSY {"metadata":{"emulator":{"name":"functions"},"function":{"name":"us-central1-questions"},"extension":{},"message":"[worker-us-central1-questions-cf0c7f08-8127-4f55-841a-592134809ba4]: BUSY"}}
[debug] [2026-01-16T09:05:53.673Z] Finishing up request with event=pause {"metadata":{"emulator":{"name":"functions"},"function":{"name":"us-central1-questions"},"extension":{},"message":"Finishing up request with event=pause"}}
[info] i  functions: Finished "us-central1-questions" in 3.4729ms {"metadata":{"emulator":{"name":"functions"},"function":{"name":"us-central1-questions"},"extension":{},"message":"Finished \"us-central1-questions\" in 3.4729ms"}}
[debug] [2026-01-16T09:05:53.674Z] [worker-us-central1-questions-cf0c7f08-8127-4f55-841a-592134809ba4]: IDLE {"metadata":{"emulator":{"name":"functions"},"function":{"name":"us-central1-questions"},"extension":{},"message":"[worker-us-central1-questions-cf0c7f08-8127-4f55-841a-592134809ba4]: IDLE"}}
[debug] [2026-01-16T09:05:53.674Z] Finishing up request with event=finish {"metadata":{"emulator":{"name":"functions"},"function":{"name":"us-central1-questions"},"extension":{},"message":"Finishing up request with event=finish"}}
[debug] [2026-01-16T09:05:53.674Z] Finishing up request with event=close {"metadata":{"emulator":{"name":"functions"},"function":{"name":"us-central1-questions"},"extension":{},"message":"Finishing up request with event=close"}}
[debug] [2026-01-16T09:05:53.674Z] [work-queue] {"queuedWork":[],"queueLength":0,"runningWork":[],"workRunningCount":0}
[debug] [2026-01-16T09:05:53.675Z] [work-queue] {"queuedWork":["/guess-it-app-c553b/us-central1/questions/questions-2026-01-16T09:05:53.675Z"],"queueLength":1,"runningWork":[],"workRunningCount":0}
[debug] [2026-01-16T09:05:53.676Z] [work-queue] {"queuedWork":[],"queueLength":0,"runningWork":["/guess-it-app-c553b/us-central1/questions/questions-2026-01-16T09:05:53.675Z"],"workRunningCount":1}
[debug] [2026-01-16T09:05:53.676Z] Accepted request GET /guess-it-app-c553b/us-central1/questions/questions?userId=14zoDkVnu5SgYYTI92VU0riwerq2 --> us-central1-questions
[debug] [2026-01-16T09:05:53.677Z] [functions] Runtime ready! Sending request! {"metadata":{"emulator":{"name":"functions"},"message":"[functions] Runtime ready! Sending request!"}}
[debug] [2026-01-16T09:05:53.677Z] [functions] Got req.url=/guess-it-app-c553b/us-central1/questions/questions?userId=14zoDkVnu5SgYYTI92VU0riwerq2, mapping to path=/questions?userId=14zoDkVnu5SgYYTI92VU0riwerq2 {"metadata":{"emulator":{"name":"functions"},"message":"[functions] Got req.url=/guess-it-app-c553b/us-central1/questions/questions?userId=14zoDkVnu5SgYYTI92VU0riwerq2, mapping to path=/questions?userId=14zoDkVnu5SgYYTI92VU0riwerq2"}}
[debug] [2026-01-16T09:05:53.677Z] [worker-pool] submitRequest(triggerId=us-central1-questions) {"metadata":{"emulator":{"name":"functions"},"message":"[worker-pool] submitRequest(triggerId=us-central1-questions)"}}
[info] i  functions: Beginning execution of "us-central1-questions" {"metadata":{"emulator":{"name":"functions"},"function":{"name":"us-central1-questions"},"extension":{},"message":"Beginning execution of \"us-central1-questions\""}}
[debug] [2026-01-16T09:05:53.678Z] [worker-us-central1-questions-cf0c7f08-8127-4f55-841a-592134809ba4]: BUSY {"metadata":{"emulator":{"name":"functions"},"function":{"name":"us-central1-questions"},"extension":{},"message":"[worker-us-central1-questions-cf0c7f08-8127-4f55-841a-592134809ba4]: BUSY"}}
[debug] [2026-01-16T09:05:53.708Z] Finishing up request with event=pause {"metadata":{"emulator":{"name":"functions"},"function":{"name":"us-central1-questions"},"extension":{},"message":"Finishing up request with event=pause"}}
[info] i  functions: Finished "us-central1-questions" in 30.3431ms {"metadata":{"emulator":{"name":"functions"},"function":{"name":"us-central1-questions"},"extension":{},"message":"Finished \"us-central1-questions\" in 30.3431ms"}}
[debug] [2026-01-16T09:05:53.708Z] [worker-us-central1-questions-cf0c7f08-8127-4f55-841a-592134809ba4]: IDLE {"metadata":{"emulator":{"name":"functions"},"function":{"name":"us-central1-questions"},"extension":{},"message":"[worker-us-central1-questions-cf0c7f08-8127-4f55-841a-592134809ba4]: IDLE"}}
[debug] [2026-01-16T09:05:53.709Z] Finishing up request with event=finish {"metadata":{"emulator":{"name":"functions"},"function":{"name":"us-central1-questions"},"extension":{},"message":"Finishing up request with event=finish"}}
[debug] [2026-01-16T09:05:53.709Z] Finishing up request with event=close {"metadata":{"emulator":{"name":"functions"},"function":{"name":"us-central1-questions"},"extension":{},"message":"Finishing up request with event=close"}}
[debug] [2026-01-16T09:05:53.709Z] [work-queue] {"queuedWork":[],"queueLength":0,"runningWork":[],"workRunningCount":0}
[debug] [2026-01-16T09:07:31.180Z] [work-queue] {"queuedWork":["/guess-it-app-c553b/us-central1/questions/questions-2026-01-16T09:07:31.180Z"],"queueLength":1,"runningWork":[],"workRunningCount":0}
[debug] [2026-01-16T09:07:31.180Z] [work-queue] {"queuedWork":[],"queueLength":0,"runningWork":["/guess-it-app-c553b/us-central1/questions/questions-2026-01-16T09:07:31.180Z"],"workRunningCount":1}
[debug] [2026-01-16T09:07:31.181Z] Accepted request OPTIONS /guess-it-app-c553b/us-central1/questions/questions?userId=14zoDkVnu5SgYYTI92VU0riwerq2 --> us-central1-questions
[debug] [2026-01-16T09:07:31.183Z] [functions] Runtime ready! Sending request! {"metadata":{"emulator":{"name":"functions"},"message":"[functions] Runtime ready! Sending request!"}}
[debug] [2026-01-16T09:07:31.183Z] [functions] Got req.url=/guess-it-app-c553b/us-central1/questions/questions?userId=14zoDkVnu5SgYYTI92VU0riwerq2, mapping to path=/questions?userId=14zoDkVnu5SgYYTI92VU0riwerq2 {"metadata":{"emulator":{"name":"functions"},"message":"[functions] Got req.url=/guess-it-app-c553b/us-central1/questions/questions?userId=14zoDkVnu5SgYYTI92VU0riwerq2, mapping to path=/questions?userId=14zoDkVnu5SgYYTI92VU0riwerq2"}}
[debug] [2026-01-16T09:07:31.183Z] [worker-pool] submitRequest(triggerId=us-central1-questions) {"metadata":{"emulator":{"name":"functions"},"message":"[worker-pool] submitRequest(triggerId=us-central1-questions)"}}
[info] i  functions: Beginning execution of "us-central1-questions" {"metadata":{"emulator":{"name":"functions"},"function":{"name":"us-central1-questions"},"extension":{},"message":"Beginning execution of \"us-central1-questions\""}}
[debug] [2026-01-16T09:07:31.184Z] [worker-us-central1-questions-cf0c7f08-8127-4f55-841a-592134809ba4]: BUSY {"metadata":{"emulator":{"name":"functions"},"function":{"name":"us-central1-questions"},"extension":{},"message":"[worker-us-central1-questions-cf0c7f08-8127-4f55-841a-592134809ba4]: BUSY"}}
[debug] [2026-01-16T09:07:31.186Z] Finishing up request with event=pause {"metadata":{"emulator":{"name":"functions"},"function":{"name":"us-central1-questions"},"extension":{},"message":"Finishing up request with event=pause"}}
[info] i  functions: Finished "us-central1-questions" in 2.8181ms {"metadata":{"emulator":{"name":"functions"},"function":{"name":"us-central1-questions"},"extension":{},"message":"Finished \"us-central1-questions\" in 2.8181ms"}}
[debug] [2026-01-16T09:07:31.187Z] [worker-us-central1-questions-cf0c7f08-8127-4f55-841a-592134809ba4]: IDLE {"metadata":{"emulator":{"name":"functions"},"function":{"name":"us-central1-questions"},"extension":{},"message":"[worker-us-central1-questions-cf0c7f08-8127-4f55-841a-592134809ba4]: IDLE"}}
[debug] [2026-01-16T09:07:31.187Z] Finishing up request with event=finish {"metadata":{"emulator":{"name":"functions"},"function":{"name":"us-central1-questions"},"extension":{},"message":"Finishing up request with event=finish"}}
[debug] [2026-01-16T09:07:31.187Z] Finishing up request with event=close {"metadata":{"emulator":{"name":"functions"},"function":{"name":"us-central1-questions"},"extension":{},"message":"Finishing up request with event=close"}}
[debug] [2026-01-16T09:07:31.187Z] [work-queue] {"queuedWork":[],"queueLength":0,"runningWork":[],"workRunningCount":0}
[debug] [2026-01-16T09:07:31.190Z] [work-queue] {"queuedWork":["/guess-it-app-c553b/us-central1/questions/questions-2026-01-16T09:07:31.190Z"],"queueLength":1,"runningWork":[],"workRunningCount":0}
[debug] [2026-01-16T09:07:31.190Z] [work-queue] {"queuedWork":[],"queueLength":0,"runningWork":["/guess-it-app-c553b/us-central1/questions/questions-2026-01-16T09:07:31.190Z"],"workRunningCount":1}
[debug] [2026-01-16T09:07:31.190Z] Accepted request GET /guess-it-app-c553b/us-central1/questions/questions?userId=14zoDkVnu5SgYYTI92VU0riwerq2 --> us-central1-questions
[debug] [2026-01-16T09:07:31.192Z] [functions] Runtime ready! Sending request! {"metadata":{"emulator":{"name":"functions"},"message":"[functions] Runtime ready! Sending request!"}}
[debug] [2026-01-16T09:07:31.193Z] [functions] Got req.url=/guess-it-app-c553b/us-central1/questions/questions?userId=14zoDkVnu5SgYYTI92VU0riwerq2, mapping to path=/questions?userId=14zoDkVnu5SgYYTI92VU0riwerq2 {"metadata":{"emulator":{"name":"functions"},"message":"[functions] Got req.url=/guess-it-app-c553b/us-central1/questions/questions?userId=14zoDkVnu5SgYYTI92VU0riwerq2, mapping to path=/questions?userId=14zoDkVnu5SgYYTI92VU0riwerq2"}}
[debug] [2026-01-16T09:07:31.193Z] [worker-pool] submitRequest(triggerId=us-central1-questions) {"metadata":{"emulator":{"name":"functions"},"message":"[worker-pool] submitRequest(triggerId=us-central1-questions)"}}
[info] i  functions: Beginning execution of "us-central1-questions" {"metadata":{"emulator":{"name":"functions"},"function":{"name":"us-central1-questions"},"extension":{},"message":"Beginning execution of \"us-central1-questions\""}}
[debug] [2026-01-16T09:07:31.194Z] [worker-us-central1-questions-cf0c7f08-8127-4f55-841a-592134809ba4]: BUSY {"metadata":{"emulator":{"name":"functions"},"function":{"name":"us-central1-questions"},"extension":{},"message":"[worker-us-central1-questions-cf0c7f08-8127-4f55-841a-592134809ba4]: BUSY"}}
[debug] [2026-01-16T09:07:31.218Z] Finishing up request with event=pause {"metadata":{"emulator":{"name":"functions"},"function":{"name":"us-central1-questions"},"extension":{},"message":"Finishing up request with event=pause"}}
[info] i  functions: Finished "us-central1-questions" in 23.7804ms {"metadata":{"emulator":{"name":"functions"},"function":{"name":"us-central1-questions"},"extension":{},"message":"Finished \"us-central1-questions\" in 23.7804ms"}}
[debug] [2026-01-16T09:07:31.218Z] [worker-us-central1-questions-cf0c7f08-8127-4f55-841a-592134809ba4]: IDLE {"metadata":{"emulator":{"name":"functions"},"function":{"name":"us-central1-questions"},"extension":{},"message":"[worker-us-central1-questions-cf0c7f08-8127-4f55-841a-592134809ba4]: IDLE"}}
[debug] [2026-01-16T09:07:31.218Z] Finishing up request with event=finish {"metadata":{"emulator":{"name":"functions"},"function":{"name":"us-central1-questions"},"extension":{},"message":"Finishing up request with event=finish"}}
[debug] [2026-01-16T09:07:31.219Z] Finishing up request with event=close {"metadata":{"emulator":{"name":"functions"},"function":{"name":"us-central1-questions"},"extension":{},"message":"Finishing up request with event=close"}}
[debug] [2026-01-16T09:07:31.219Z] [work-queue] {"queuedWork":[],"queueLength":0,"runningWork":[],"workRunningCount":0}
[debug] [2026-01-16T09:10:29.242Z] [work-queue] {"queuedWork":["/guess-it-app-c553b/us-central1/questions/questions-2026-01-16T09:10:29.241Z"],"queueLength":1,"runningWork":[],"workRunningCount":0}
[debug] [2026-01-16T09:10:29.242Z] [work-queue] {"queuedWork":[],"queueLength":0,"runningWork":["/guess-it-app-c553b/us-central1/questions/questions-2026-01-16T09:10:29.241Z"],"workRunningCount":1}
[debug] [2026-01-16T09:10:29.242Z] Accepted request OPTIONS /guess-it-app-c553b/us-central1/questions/questions?userId=14zoDkVnu5SgYYTI92VU0riwerq2 --> us-central1-questions
[debug] [2026-01-16T09:10:29.244Z] [functions] Runtime ready! Sending request! {"metadata":{"emulator":{"name":"functions"},"message":"[functions] Runtime ready! Sending request!"}}
[debug] [2026-01-16T09:10:29.244Z] [functions] Got req.url=/guess-it-app-c553b/us-central1/questions/questions?userId=14zoDkVnu5SgYYTI92VU0riwerq2, mapping to path=/questions?userId=14zoDkVnu5SgYYTI92VU0riwerq2 {"metadata":{"emulator":{"name":"functions"},"message":"[functions] Got req.url=/guess-it-app-c553b/us-central1/questions/questions?userId=14zoDkVnu5SgYYTI92VU0riwerq2, mapping to path=/questions?userId=14zoDkVnu5SgYYTI92VU0riwerq2"}}
[debug] [2026-01-16T09:10:29.244Z] [worker-pool] submitRequest(triggerId=us-central1-questions) {"metadata":{"emulator":{"name":"functions"},"message":"[worker-pool] submitRequest(triggerId=us-central1-questions)"}}
[info] i  functions: Beginning execution of "us-central1-questions" {"metadata":{"emulator":{"name":"functions"},"function":{"name":"us-central1-questions"},"extension":{},"message":"Beginning execution of \"us-central1-questions\""}}
[debug] [2026-01-16T09:10:29.245Z] [worker-us-central1-questions-cf0c7f08-8127-4f55-841a-592134809ba4]: BUSY {"metadata":{"emulator":{"name":"functions"},"function":{"name":"us-central1-questions"},"extension":{},"message":"[worker-us-central1-questions-cf0c7f08-8127-4f55-841a-592134809ba4]: BUSY"}}
[debug] [2026-01-16T09:10:29.247Z] Finishing up request with event=pause {"metadata":{"emulator":{"name":"functions"},"function":{"name":"us-central1-questions"},"extension":{},"message":"Finishing up request with event=pause"}}
[info] i  functions: Finished "us-central1-questions" in 2.0329ms {"metadata":{"emulator":{"name":"functions"},"function":{"name":"us-central1-questions"},"extension":{},"message":"Finished \"us-central1-questions\" in 2.0329ms"}}
[debug] [2026-01-16T09:10:29.247Z] [worker-us-central1-questions-cf0c7f08-8127-4f55-841a-592134809ba4]: IDLE {"metadata":{"emulator":{"name":"functions"},"function":{"name":"us-central1-questions"},"extension":{},"message":"[worker-us-central1-questions-cf0c7f08-8127-4f55-841a-592134809ba4]: IDLE"}}
[debug] [2026-01-16T09:10:29.247Z] Finishing up request with event=finish {"metadata":{"emulator":{"name":"functions"},"function":{"name":"us-central1-questions"},"extension":{},"message":"Finishing up request with event=finish"}}
[debug] [2026-01-16T09:10:29.248Z] Finishing up request with event=close {"metadata":{"emulator":{"name":"functions"},"function":{"name":"us-central1-questions"},"extension":{},"message":"Finishing up request with event=close"}}
[debug] [2026-01-16T09:10:29.248Z] [work-queue] {"queuedWork":[],"queueLength":0,"runningWork":[],"workRunningCount":0}
[debug] [2026-01-16T09:10:29.250Z] [work-queue] {"queuedWork":["/guess-it-app-c553b/us-central1/questions/questions-2026-01-16T09:10:29.250Z"],"queueLength":1,"runningWork":[],"workRunningCount":0}
[debug] [2026-01-16T09:10:29.250Z] [work-queue] {"queuedWork":[],"queueLength":0,"runningWork":["/guess-it-app-c553b/us-central1/questions/questions-2026-01-16T09:10:29.250Z"],"workRunningCount":1}
[debug] [2026-01-16T09:10:29.250Z] Accepted request GET /guess-it-app-c553b/us-central1/questions/questions?userId=14zoDkVnu5SgYYTI92VU0riwerq2 --> us-central1-questions
[debug] [2026-01-16T09:10:29.252Z] [functions] Runtime ready! Sending request! {"metadata":{"emulator":{"name":"functions"},"message":"[functions] Runtime ready! Sending request!"}}
[debug] [2026-01-16T09:10:29.252Z] [functions] Got req.url=/guess-it-app-c553b/us-central1/questions/questions?userId=14zoDkVnu5SgYYTI92VU0riwerq2, mapping to path=/questions?userId=14zoDkVnu5SgYYTI92VU0riwerq2 {"metadata":{"emulator":{"name":"functions"},"message":"[functions] Got req.url=/guess-it-app-c553b/us-central1/questions/questions?userId=14zoDkVnu5SgYYTI92VU0riwerq2, mapping to path=/questions?userId=14zoDkVnu5SgYYTI92VU0riwerq2"}}
[debug] [2026-01-16T09:10:29.252Z] [worker-pool] submitRequest(triggerId=us-central1-questions) {"metadata":{"emulator":{"name":"functions"},"message":"[worker-pool] submitRequest(triggerId=us-central1-questions)"}}
[info] i  functions: Beginning execution of "us-central1-questions" {"metadata":{"emulator":{"name":"functions"},"function":{"name":"us-central1-questions"},"extension":{},"message":"Beginning execution of \"us-central1-questions\""}}
[debug] [2026-01-16T09:10:29.260Z] [worker-us-central1-questions-cf0c7f08-8127-4f55-841a-592134809ba4]: BUSY {"metadata":{"emulator":{"name":"functions"},"function":{"name":"us-central1-questions"},"extension":{},"message":"[worker-us-central1-questions-cf0c7f08-8127-4f55-841a-592134809ba4]: BUSY"}}
[debug] [2026-01-16T09:10:29.285Z] Finishing up request with event=pause {"metadata":{"emulator":{"name":"functions"},"function":{"name":"us-central1-questions"},"extension":{},"message":"Finishing up request with event=pause"}}
[info] i  functions: Finished "us-central1-questions" in 24.8064ms {"metadata":{"emulator":{"name":"functions"},"function":{"name":"us-central1-questions"},"extension":{},"message":"Finished \"us-central1-questions\" in 24.8064ms"}}
[debug] [2026-01-16T09:10:29.285Z] [worker-us-central1-questions-cf0c7f08-8127-4f55-841a-592134809ba4]: IDLE {"metadata":{"emulator":{"name":"functions"},"function":{"name":"us-central1-questions"},"extension":{},"message":"[worker-us-central1-questions-cf0c7f08-8127-4f55-841a-592134809ba4]: IDLE"}}
[debug] [2026-01-16T09:10:29.285Z] Finishing up request with event=finish {"metadata":{"emulator":{"name":"functions"},"function":{"name":"us-central1-questions"},"extension":{},"message":"Finishing up request with event=finish"}}
[debug] [2026-01-16T09:10:29.285Z] Finishing up request with event=close {"metadata":{"emulator":{"name":"functions"},"function":{"name":"us-central1-questions"},"extension":{},"message":"Finishing up request with event=close"}}
[debug] [2026-01-16T09:10:29.285Z] [work-queue] {"queuedWork":[],"queueLength":0,"runningWork":[],"workRunningCount":0}
[debug] [2026-01-16T09:13:05.248Z] [work-queue] {"queuedWork":["/guess-it-app-c553b/us-central1/questions/questions-2026-01-16T09:13:05.248Z"],"queueLength":1,"runningWork":[],"workRunningCount":0}
[debug] [2026-01-16T09:13:05.248Z] [work-queue] {"queuedWork":[],"queueLength":0,"runningWork":["/guess-it-app-c553b/us-central1/questions/questions-2026-01-16T09:13:05.248Z"],"workRunningCount":1}
[debug] [2026-01-16T09:13:05.248Z] Accepted request OPTIONS /guess-it-app-c553b/us-central1/questions/questions --> us-central1-questions
[debug] [2026-01-16T09:13:05.250Z] [functions] Runtime ready! Sending request! {"metadata":{"emulator":{"name":"functions"},"message":"[functions] Runtime ready! Sending request!"}}
[debug] [2026-01-16T09:13:05.250Z] [functions] Got req.url=/guess-it-app-c553b/us-central1/questions/questions, mapping to path=/questions {"metadata":{"emulator":{"name":"functions"},"message":"[functions] Got req.url=/guess-it-app-c553b/us-central1/questions/questions, mapping to path=/questions"}}
[debug] [2026-01-16T09:13:05.250Z] [worker-pool] submitRequest(triggerId=us-central1-questions) {"metadata":{"emulator":{"name":"functions"},"message":"[worker-pool] submitRequest(triggerId=us-central1-questions)"}}
[info] i  functions: Beginning execution of "us-central1-questions" {"metadata":{"emulator":{"name":"functions"},"function":{"name":"us-central1-questions"},"extension":{},"message":"Beginning execution of \"us-central1-questions\""}}
[debug] [2026-01-16T09:13:05.251Z] [worker-us-central1-questions-cf0c7f08-8127-4f55-841a-592134809ba4]: BUSY {"metadata":{"emulator":{"name":"functions"},"function":{"name":"us-central1-questions"},"extension":{},"message":"[worker-us-central1-questions-cf0c7f08-8127-4f55-841a-592134809ba4]: BUSY"}}
[debug] [2026-01-16T09:13:05.253Z] Finishing up request with event=pause {"metadata":{"emulator":{"name":"functions"},"function":{"name":"us-central1-questions"},"extension":{},"message":"Finishing up request with event=pause"}}
[info] i  functions: Finished "us-central1-questions" in 2.3361ms {"metadata":{"emulator":{"name":"functions"},"function":{"name":"us-central1-questions"},"extension":{},"message":"Finished \"us-central1-questions\" in 2.3361ms"}}
[debug] [2026-01-16T09:13:05.254Z] [worker-us-central1-questions-cf0c7f08-8127-4f55-841a-592134809ba4]: IDLE {"metadata":{"emulator":{"name":"functions"},"function":{"name":"us-central1-questions"},"extension":{},"message":"[worker-us-central1-questions-cf0c7f08-8127-4f55-841a-592134809ba4]: IDLE"}}
[debug] [2026-01-16T09:13:05.254Z] Finishing up request with event=finish {"metadata":{"emulator":{"name":"functions"},"function":{"name":"us-central1-questions"},"extension":{},"message":"Finishing up request with event=finish"}}
[debug] [2026-01-16T09:13:05.254Z] Finishing up request with event=close {"metadata":{"emulator":{"name":"functions"},"function":{"name":"us-central1-questions"},"extension":{},"message":"Finishing up request with event=close"}}
[debug] [2026-01-16T09:13:05.254Z] [work-queue] {"queuedWork":[],"queueLength":0,"runningWork":[],"workRunningCount":0}
[debug] [2026-01-16T09:13:05.255Z] [work-queue] {"queuedWork":["/guess-it-app-c553b/us-central1/questions/questions-2026-01-16T09:13:05.255Z"],"queueLength":1,"runningWork":[],"workRunningCount":0}
[debug] [2026-01-16T09:13:05.256Z] [work-queue] {"queuedWork":[],"queueLength":0,"runningWork":["/guess-it-app-c553b/us-central1/questions/questions-2026-01-16T09:13:05.255Z"],"workRunningCount":1}
[debug] [2026-01-16T09:13:05.256Z] Accepted request POST /guess-it-app-c553b/us-central1/questions/questions --> us-central1-questions
[debug] [2026-01-16T09:13:05.258Z] [functions] Runtime ready! Sending request! {"metadata":{"emulator":{"name":"functions"},"message":"[functions] Runtime ready! Sending request!"}}
[debug] [2026-01-16T09:13:05.258Z] [functions] Got req.url=/guess-it-app-c553b/us-central1/questions/questions, mapping to path=/questions {"metadata":{"emulator":{"name":"functions"},"message":"[functions] Got req.url=/guess-it-app-c553b/us-central1/questions/questions, mapping to path=/questions"}}
[debug] [2026-01-16T09:13:05.258Z] [worker-pool] submitRequest(triggerId=us-central1-questions) {"metadata":{"emulator":{"name":"functions"},"message":"[worker-pool] submitRequest(triggerId=us-central1-questions)"}}
[info] i  functions: Beginning execution of "us-central1-questions" {"metadata":{"emulator":{"name":"functions"},"function":{"name":"us-central1-questions"},"extension":{},"message":"Beginning execution of \"us-central1-questions\""}}
[debug] [2026-01-16T09:13:05.258Z] [worker-us-central1-questions-cf0c7f08-8127-4f55-841a-592134809ba4]: BUSY {"metadata":{"emulator":{"name":"functions"},"function":{"name":"us-central1-questions"},"extension":{},"message":"[worker-us-central1-questions-cf0c7f08-8127-4f55-841a-592134809ba4]: BUSY"}}
[debug] [2026-01-16T09:13:05.281Z] Finishing up request with event=pause {"metadata":{"emulator":{"name":"functions"},"function":{"name":"us-central1-questions"},"extension":{},"message":"Finishing up request with event=pause"}}
[info] i  functions: Finished "us-central1-questions" in 22.3787ms {"metadata":{"emulator":{"name":"functions"},"function":{"name":"us-central1-questions"},"extension":{},"message":"Finished \"us-central1-questions\" in 22.3787ms"}}
[debug] [2026-01-16T09:13:05.281Z] [worker-us-central1-questions-cf0c7f08-8127-4f55-841a-592134809ba4]: IDLE {"metadata":{"emulator":{"name":"functions"},"function":{"name":"us-central1-questions"},"extension":{},"message":"[worker-us-central1-questions-cf0c7f08-8127-4f55-841a-592134809ba4]: IDLE"}}
[debug] [2026-01-16T09:13:05.281Z] Finishing up request with event=finish {"metadata":{"emulator":{"name":"functions"},"function":{"name":"us-central1-questions"},"extension":{},"message":"Finishing up request with event=finish"}}
[debug] [2026-01-16T09:13:05.282Z] Finishing up request with event=close {"metadata":{"emulator":{"name":"functions"},"function":{"name":"us-central1-questions"},"extension":{},"message":"Finishing up request with event=close"}}
[debug] [2026-01-16T09:13:05.282Z] [work-queue] {"queuedWork":[],"queueLength":0,"runningWork":[],"workRunningCount":0}
[debug] [2026-01-16T09:13:05.302Z] [work-queue] {"queuedWork":["/guess-it-app-c553b/us-central1/questions/questions-2026-01-16T09:13:05.302Z"],"queueLength":1,"runningWork":[],"workRunningCount":0}
[debug] [2026-01-16T09:13:05.302Z] [work-queue] {"queuedWork":[],"queueLength":0,"runningWork":["/guess-it-app-c553b/us-central1/questions/questions-2026-01-16T09:13:05.302Z"],"workRunningCount":1}
[debug] [2026-01-16T09:13:05.302Z] Accepted request OPTIONS /guess-it-app-c553b/us-central1/questions/questions?userId=14zoDkVnu5SgYYTI92VU0riwerq2 --> us-central1-questions
[debug] [2026-01-16T09:13:05.304Z] [functions] Runtime ready! Sending request! {"metadata":{"emulator":{"name":"functions"},"message":"[functions] Runtime ready! Sending request!"}}
[debug] [2026-01-16T09:13:05.305Z] [functions] Got req.url=/guess-it-app-c553b/us-central1/questions/questions?userId=14zoDkVnu5SgYYTI92VU0riwerq2, mapping to path=/questions?userId=14zoDkVnu5SgYYTI92VU0riwerq2 {"metadata":{"emulator":{"name":"functions"},"message":"[functions] Got req.url=/guess-it-app-c553b/us-central1/questions/questions?userId=14zoDkVnu5SgYYTI92VU0riwerq2, mapping to path=/questions?userId=14zoDkVnu5SgYYTI92VU0riwerq2"}}
[debug] [2026-01-16T09:13:05.305Z] [worker-pool] submitRequest(triggerId=us-central1-questions) {"metadata":{"emulator":{"name":"functions"},"message":"[worker-pool] submitRequest(triggerId=us-central1-questions)"}}
[info] i  functions: Beginning execution of "us-central1-questions" {"metadata":{"emulator":{"name":"functions"},"function":{"name":"us-central1-questions"},"extension":{},"message":"Beginning execution of \"us-central1-questions\""}}
[debug] [2026-01-16T09:13:05.306Z] [worker-us-central1-questions-cf0c7f08-8127-4f55-841a-592134809ba4]: BUSY {"metadata":{"emulator":{"name":"functions"},"function":{"name":"us-central1-questions"},"extension":{},"message":"[worker-us-central1-questions-cf0c7f08-8127-4f55-841a-592134809ba4]: BUSY"}}
[debug] [2026-01-16T09:13:05.308Z] Finishing up request with event=pause {"metadata":{"emulator":{"name":"functions"},"function":{"name":"us-central1-questions"},"extension":{},"message":"Finishing up request with event=pause"}}
[info] i  functions: Finished "us-central1-questions" in 2.4133ms {"metadata":{"emulator":{"name":"functions"},"function":{"name":"us-central1-questions"},"extension":{},"message":"Finished \"us-central1-questions\" in 2.4133ms"}}
[debug] [2026-01-16T09:13:05.309Z] [worker-us-central1-questions-cf0c7f08-8127-4f55-841a-592134809ba4]: IDLE {"metadata":{"emulator":{"name":"functions"},"function":{"name":"us-central1-questions"},"extension":{},"message":"[worker-us-central1-questions-cf0c7f08-8127-4f55-841a-592134809ba4]: IDLE"}}
[debug] [2026-01-16T09:13:05.309Z] Finishing up request with event=finish {"metadata":{"emulator":{"name":"functions"},"function":{"name":"us-central1-questions"},"extension":{},"message":"Finishing up request with event=finish"}}
[debug] [2026-01-16T09:13:05.309Z] Finishing up request with event=close {"metadata":{"emulator":{"name":"functions"},"function":{"name":"us-central1-questions"},"extension":{},"message":"Finishing up request with event=close"}}
[debug] [2026-01-16T09:13:05.309Z] [work-queue] {"queuedWork":[],"queueLength":0,"runningWork":[],"workRunningCount":0}
[debug] [2026-01-16T09:13:05.311Z] [work-queue] {"queuedWork":["/guess-it-app-c553b/us-central1/questions/questions-2026-01-16T09:13:05.311Z"],"queueLength":1,"runningWork":[],"workRunningCount":0}
[debug] [2026-01-16T09:13:05.311Z] [work-queue] {"queuedWork":[],"queueLength":0,"runningWork":["/guess-it-app-c553b/us-central1/questions/questions-2026-01-16T09:13:05.311Z"],"workRunningCount":1}
[debug] [2026-01-16T09:13:05.311Z] Accepted request GET /guess-it-app-c553b/us-central1/questions/questions?userId=14zoDkVnu5SgYYTI92VU0riwerq2 --> us-central1-questions
[debug] [2026-01-16T09:13:05.314Z] [functions] Runtime ready! Sending request! {"metadata":{"emulator":{"name":"functions"},"message":"[functions] Runtime ready! Sending request!"}}
[debug] [2026-01-16T09:13:05.314Z] [functions] Got req.url=/guess-it-app-c553b/us-central1/questions/questions?userId=14zoDkVnu5SgYYTI92VU0riwerq2, mapping to path=/questions?userId=14zoDkVnu5SgYYTI92VU0riwerq2 {"metadata":{"emulator":{"name":"functions"},"message":"[functions] Got req.url=/guess-it-app-c553b/us-central1/questions/questions?userId=14zoDkVnu5SgYYTI92VU0riwerq2, mapping to path=/questions?userId=14zoDkVnu5SgYYTI92VU0riwerq2"}}
[debug] [2026-01-16T09:13:05.315Z] [worker-pool] submitRequest(triggerId=us-central1-questions) {"metadata":{"emulator":{"name":"functions"},"message":"[worker-pool] submitRequest(triggerId=us-central1-questions)"}}
[info] i  functions: Beginning execution of "us-central1-questions" {"metadata":{"emulator":{"name":"functions"},"function":{"name":"us-central1-questions"},"extension":{},"message":"Beginning execution of \"us-central1-questions\""}}
[debug] [2026-01-16T09:13:05.315Z] [worker-us-central1-questions-cf0c7f08-8127-4f55-841a-592134809ba4]: BUSY {"metadata":{"emulator":{"name":"functions"},"function":{"name":"us-central1-questions"},"extension":{},"message":"[worker-us-central1-questions-cf0c7f08-8127-4f55-841a-592134809ba4]: BUSY"}}
[debug] [2026-01-16T09:13:05.357Z] Finishing up request with event=pause {"metadata":{"emulator":{"name":"functions"},"function":{"name":"us-central1-questions"},"extension":{},"message":"Finishing up request with event=pause"}}
[info] i  functions: Finished "us-central1-questions" in 42.6222ms {"metadata":{"emulator":{"name":"functions"},"function":{"name":"us-central1-questions"},"extension":{},"message":"Finished \"us-central1-questions\" in 42.6222ms"}}
[debug] [2026-01-16T09:13:05.358Z] [worker-us-central1-questions-cf0c7f08-8127-4f55-841a-592134809ba4]: IDLE {"metadata":{"emulator":{"name":"functions"},"function":{"name":"us-central1-questions"},"extension":{},"message":"[worker-us-central1-questions-cf0c7f08-8127-4f55-841a-592134809ba4]: IDLE"}}
[debug] [2026-01-16T09:13:05.358Z] Finishing up request with event=finish {"metadata":{"emulator":{"name":"functions"},"function":{"name":"us-central1-questions"},"extension":{},"message":"Finishing up request with event=finish"}}
[debug] [2026-01-16T09:13:05.358Z] Finishing up request with event=close {"metadata":{"emulator":{"name":"functions"},"function":{"name":"us-central1-questions"},"extension":{},"message":"Finishing up request with event=close"}}
[debug] [2026-01-16T09:13:05.358Z] [work-queue] {"queuedWork":[],"queueLength":0,"runningWork":[],"workRunningCount":0}
[debug] [2026-01-16T09:15:21.256Z] [work-queue] {"queuedWork":["/guess-it-app-c553b/us-central1/questions/questions-2026-01-16T09:15:21.256Z"],"queueLength":1,"runningWork":[],"workRunningCount":0}
[debug] [2026-01-16T09:15:21.257Z] [work-queue] {"queuedWork":[],"queueLength":0,"runningWork":["/guess-it-app-c553b/us-central1/questions/questions-2026-01-16T09:15:21.256Z"],"workRunningCount":1}
[debug] [2026-01-16T09:15:21.257Z] Accepted request OPTIONS /guess-it-app-c553b/us-central1/questions/questions?userId=14zoDkVnu5SgYYTI92VU0riwerq2 --> us-central1-questions
[debug] [2026-01-16T09:15:21.259Z] [functions] Runtime ready! Sending request! {"metadata":{"emulator":{"name":"functions"},"message":"[functions] Runtime ready! Sending request!"}}
[debug] [2026-01-16T09:15:21.259Z] [functions] Got req.url=/guess-it-app-c553b/us-central1/questions/questions?userId=14zoDkVnu5SgYYTI92VU0riwerq2, mapping to path=/questions?userId=14zoDkVnu5SgYYTI92VU0riwerq2 {"metadata":{"emulator":{"name":"functions"},"message":"[functions] Got req.url=/guess-it-app-c553b/us-central1/questions/questions?userId=14zoDkVnu5SgYYTI92VU0riwerq2, mapping to path=/questions?userId=14zoDkVnu5SgYYTI92VU0riwerq2"}}
[debug] [2026-01-16T09:15:21.259Z] [worker-pool] submitRequest(triggerId=us-central1-questions) {"metadata":{"emulator":{"name":"functions"},"message":"[worker-pool] submitRequest(triggerId=us-central1-questions)"}}
[info] i  functions: Beginning execution of "us-central1-questions" {"metadata":{"emulator":{"name":"functions"},"function":{"name":"us-central1-questions"},"extension":{},"message":"Beginning execution of \"us-central1-questions\""}}
[debug] [2026-01-16T09:15:21.262Z] [worker-us-central1-questions-cf0c7f08-8127-4f55-841a-592134809ba4]: BUSY {"metadata":{"emulator":{"name":"functions"},"function":{"name":"us-central1-questions"},"extension":{},"message":"[worker-us-central1-questions-cf0c7f08-8127-4f55-841a-592134809ba4]: BUSY"}}
[debug] [2026-01-16T09:15:21.265Z] Finishing up request with event=pause {"metadata":{"emulator":{"name":"functions"},"function":{"name":"us-central1-questions"},"extension":{},"message":"Finishing up request with event=pause"}}
[info] i  functions: Finished "us-central1-questions" in 3.6609ms {"metadata":{"emulator":{"name":"functions"},"function":{"name":"us-central1-questions"},"extension":{},"message":"Finished \"us-central1-questions\" in 3.6609ms"}}
[debug] [2026-01-16T09:15:21.266Z] [worker-us-central1-questions-cf0c7f08-8127-4f55-841a-592134809ba4]: IDLE {"metadata":{"emulator":{"name":"functions"},"function":{"name":"us-central1-questions"},"extension":{},"message":"[worker-us-central1-questions-cf0c7f08-8127-4f55-841a-592134809ba4]: IDLE"}}
[debug] [2026-01-16T09:15:21.266Z] Finishing up request with event=finish {"metadata":{"emulator":{"name":"functions"},"function":{"name":"us-central1-questions"},"extension":{},"message":"Finishing up request with event=finish"}}
[debug] [2026-01-16T09:15:21.266Z] Finishing up request with event=close {"metadata":{"emulator":{"name":"functions"},"function":{"name":"us-central1-questions"},"extension":{},"message":"Finishing up request with event=close"}}
[debug] [2026-01-16T09:15:21.266Z] [work-queue] {"queuedWork":[],"queueLength":0,"runningWork":[],"workRunningCount":0}
[debug] [2026-01-16T09:15:21.268Z] [work-queue] {"queuedWork":["/guess-it-app-c553b/us-central1/questions/questions-2026-01-16T09:15:21.268Z"],"queueLength":1,"runningWork":[],"workRunningCount":0}
[debug] [2026-01-16T09:15:21.268Z] [work-queue] {"queuedWork":[],"queueLength":0,"runningWork":["/guess-it-app-c553b/us-central1/questions/questions-2026-01-16T09:15:21.268Z"],"workRunningCount":1}
[debug] [2026-01-16T09:15:21.268Z] Accepted request GET /guess-it-app-c553b/us-central1/questions/questions?userId=14zoDkVnu5SgYYTI92VU0riwerq2 --> us-central1-questions
[debug] [2026-01-16T09:15:21.270Z] [functions] Runtime ready! Sending request! {"metadata":{"emulator":{"name":"functions"},"message":"[functions] Runtime ready! Sending request!"}}
[debug] [2026-01-16T09:15:21.270Z] [functions] Got req.url=/guess-it-app-c553b/us-central1/questions/questions?userId=14zoDkVnu5SgYYTI92VU0riwerq2, mapping to path=/questions?userId=14zoDkVnu5SgYYTI92VU0riwerq2 {"metadata":{"emulator":{"name":"functions"},"message":"[functions] Got req.url=/guess-it-app-c553b/us-central1/questions/questions?userId=14zoDkVnu5SgYYTI92VU0riwerq2, mapping to path=/questions?userId=14zoDkVnu5SgYYTI92VU0riwerq2"}}
[debug] [2026-01-16T09:15:21.270Z] [worker-pool] submitRequest(triggerId=us-central1-questions) {"metadata":{"emulator":{"name":"functions"},"message":"[worker-pool] submitRequest(triggerId=us-central1-questions)"}}
[info] i  functions: Beginning execution of "us-central1-questions" {"metadata":{"emulator":{"name":"functions"},"function":{"name":"us-central1-questions"},"extension":{},"message":"Beginning execution of \"us-central1-questions\""}}
[debug] [2026-01-16T09:15:21.271Z] [worker-us-central1-questions-cf0c7f08-8127-4f55-841a-592134809ba4]: BUSY {"metadata":{"emulator":{"name":"functions"},"function":{"name":"us-central1-questions"},"extension":{},"message":"[worker-us-central1-questions-cf0c7f08-8127-4f55-841a-592134809ba4]: BUSY"}}
[debug] [2026-01-16T09:15:21.290Z] Finishing up request with event=pause {"metadata":{"emulator":{"name":"functions"},"function":{"name":"us-central1-questions"},"extension":{},"message":"Finishing up request with event=pause"}}
[info] i  functions: Finished "us-central1-questions" in 19.5727ms {"metadata":{"emulator":{"name":"functions"},"function":{"name":"us-central1-questions"},"extension":{},"message":"Finished \"us-central1-questions\" in 19.5727ms"}}
[debug] [2026-01-16T09:15:21.291Z] [worker-us-central1-questions-cf0c7f08-8127-4f55-841a-592134809ba4]: IDLE {"metadata":{"emulator":{"name":"functions"},"function":{"name":"us-central1-questions"},"extension":{},"message":"[worker-us-central1-questions-cf0c7f08-8127-4f55-841a-592134809ba4]: IDLE"}}
[debug] [2026-01-16T09:15:21.291Z] Finishing up request with event=finish {"metadata":{"emulator":{"name":"functions"},"function":{"name":"us-central1-questions"},"extension":{},"message":"Finishing up request with event=finish"}}
[debug] [2026-01-16T09:15:21.291Z] Finishing up request with event=close {"metadata":{"emulator":{"name":"functions"},"function":{"name":"us-central1-questions"},"extension":{},"message":"Finishing up request with event=close"}}
[debug] [2026-01-16T09:15:21.291Z] [work-queue] {"queuedWork":[],"queueLength":0,"runningWork":[],"workRunningCount":0}
[debug] [2026-01-16T09:19:02.312Z] [worker-us-central1-questions-cf0c7f08-8127-4f55-841a-592134809ba4]: exited {"metadata":{"emulator":{"name":"functions"},"function":{"name":"us-central1-questions"},"extension":{},"message":"[worker-us-central1-questions-cf0c7f08-8127-4f55-841a-592134809ba4]: exited"}}
[debug] [2026-01-16T09:19:02.312Z] [worker-us-central1-questions-cf0c7f08-8127-4f55-841a-592134809ba4]: FINISHED {"metadata":{"emulator":{"name":"functions"},"function":{"name":"us-central1-questions"},"extension":{},"message":"[worker-us-central1-questions-cf0c7f08-8127-4f55-841a-592134809ba4]: FINISHED"}}
[debug] [2026-01-16T09:19:02.313Z] Received signal SIGHUP 1
[info]  
[info] i  emulators: Received SIGHUP for the first time. Starting a clean shutdown. 
[info] i  emulators: Please wait for a clean shutdown or send the SIGHUP signal again to stop right now. 
[info] i  emulators: Shutting down emulators. {"metadata":{"emulator":{"name":"hub"},"message":"Shutting down emulators."}}
[info] i  ui: Stopping Emulator UI {"metadata":{"emulator":{"name":"ui"},"message":"Stopping Emulator UI"}}
[info] i  extensions: Stopping Extensions Emulator {"metadata":{"emulator":{"name":"extensions"},"message":"Stopping Extensions Emulator"}}
[debug] [2026-01-16T09:19:02.316Z] [Extensions] Stopping Extensions emulator, this is a noop.
[info] i  functions: Stopping Functions Emulator {"metadata":{"emulator":{"name":"functions"},"message":"Stopping Functions Emulator"}}
[info] i  hosting: Stopping Hosting Emulator {"metadata":{"emulator":{"name":"hosting"},"message":"Stopping Hosting Emulator"}}
[info] i  firestore: Stopping Firestore Emulator {"metadata":{"emulator":{"name":"firestore"},"message":"Stopping Firestore Emulator"}}
[warn] !  Firestore Emulator has exited upon receiving signal: SIGINT 
[info] i  eventarc: Stopping Eventarc Emulator {"metadata":{"emulator":{"name":"eventarc"},"message":"Stopping Eventarc Emulator"}}
[info] i  tasks: Stopping Cloud Tasks Emulator {"metadata":{"emulator":{"name":"tasks"},"message":"Stopping Cloud Tasks Emulator"}}
[info] i  hub: Stopping emulator hub {"metadata":{"emulator":{"name":"hub"},"message":"Stopping emulator hub"}}
[info] i  logging: Stopping Logging Emulator {"metadata":{"emulator":{"name":"logging"},"message":"Stopping Logging Emulator"}}
[debug] [2026-01-16T09:19:02.331Z] Could not find VSCode notification endpoint: FetchError: request to http://localhost:40001/vscode/notify failed, reason: . If you are not running the Firebase Data Connect VSCode extension, this is expected and not an issue.
